2019-01-11 00:26:29,661:    |cuda
2019-01-11 00:26:31,888:    |lr1e-05_wd10.0_bs4_vs0.5
2019-01-11 00:26:50,307:    |
epoch: 0
2019-01-11 00:26:50,308:    |train@ loss: 0.6212, acc: 0.1003
2019-01-11 00:26:52,889:    |valid@ loss: 0.6166, acc: 0.1187
2019-01-11 00:26:52,890:    |valid num: 3900
2019-01-11 00:26:52,890:    |timec@ 0: 20.7435s
2019-01-11 00:27:10,349:    |
epoch: 1
2019-01-11 00:27:10,349:    |train@ loss: 0.6134, acc: 0.1708
2019-01-11 00:27:12,941:    |valid@ loss: 0.6099, acc: 0.2103
2019-01-11 00:27:12,942:    |valid num: 3900
2019-01-11 00:27:12,942:    |timec@ 1: 20.0519s
2019-01-11 00:27:30,435:    |
epoch: 2
2019-01-11 00:27:30,435:    |train@ loss: 0.6055, acc: 0.2395
2019-01-11 00:27:33,025:    |valid@ loss: 0.5981, acc: 0.2628
2019-01-11 00:27:33,025:    |valid num: 3900
2019-01-11 00:27:33,025:    |timec@ 2: 20.0838s
