2019-01-10 23:18:43,217:    |cuda
2019-01-10 23:18:46,594:    |0.001-0.0005-4-0.5
2019-01-10 23:19:06,047:    |
epoch: 0
2019-01-10 23:19:06,047:    |train@ loss: 0.1904, acc: 0.7672
2019-01-10 23:19:08,857:    |valid@ loss: 0.0638, acc: 0.9226
2019-01-10 23:19:08,857:    |valid num: 3900
2019-01-10 23:19:08,857:    |timec@ 0: 21.9759s
2019-01-10 23:19:08,857:    |params/VGG110.001-0.0005-4-0.5-0-0.190-0.064.pkl
2019-01-10 23:19:27,087:    |
epoch: 1
2019-01-10 23:19:27,088:    |train@ loss: 0.0635, acc: 0.9272
2019-01-10 23:19:29,817:    |valid@ loss: 0.1139, acc: 0.8597
2019-01-10 23:19:29,818:    |valid num: 3900
2019-01-10 23:19:29,818:    |timec@ 1: 20.9292s
2019-01-10 23:19:47,876:    |
epoch: 2
2019-01-10 23:19:47,876:    |train@ loss: 0.0440, acc: 0.9474
2019-01-10 23:19:50,587:    |valid@ loss: 0.0651, acc: 0.9308
2019-01-10 23:19:50,587:    |valid num: 3900
2019-01-10 23:19:50,587:    |timec@ 2: 20.7695s
2019-01-10 23:20:08,697:    |
epoch: 3
2019-01-10 23:20:08,698:    |train@ loss: 0.0383, acc: 0.9585
2019-01-10 23:20:11,425:    |valid@ loss: 0.0565, acc: 0.9326
2019-01-10 23:20:11,425:    |valid num: 3900
2019-01-10 23:20:11,425:    |timec@ 3: 20.8382s
2019-01-10 23:20:11,425:    |params/VGG110.001-0.0005-4-0.5-3-0.038-0.056.pkl
2019-01-10 23:20:29,716:    |
epoch: 4
2019-01-10 23:20:29,716:    |train@ loss: 0.0280, acc: 0.9659
2019-01-10 23:20:32,453:    |valid@ loss: 0.0649, acc: 0.9287
2019-01-10 23:20:32,453:    |valid num: 3900
2019-01-10 23:20:32,453:    |timec@ 4: 20.9988s
2019-01-10 23:20:51,006:    |
epoch: 5
2019-01-10 23:20:51,006:    |train@ loss: 0.0243, acc: 0.9721
2019-01-10 23:20:53,772:    |valid@ loss: 0.0487, acc: 0.9390
2019-01-10 23:20:53,773:    |valid num: 3900
2019-01-10 23:20:53,773:    |timec@ 5: 21.3200s
2019-01-10 23:20:53,773:    |params/VGG110.001-0.0005-4-0.5-5-0.024-0.049.pkl
2019-01-10 23:21:11,834:    |
epoch: 6
2019-01-10 23:21:11,834:    |train@ loss: 0.0217, acc: 0.9764
2019-01-10 23:21:14,572:    |valid@ loss: 0.0587, acc: 0.9336
2019-01-10 23:21:14,572:    |valid num: 3900
2019-01-10 23:21:14,573:    |timec@ 6: 20.7718s
2019-01-10 23:21:33,018:    |
epoch: 7
2019-01-10 23:21:33,018:    |train@ loss: 0.0187, acc: 0.9779
2019-01-10 23:21:35,764:    |valid@ loss: 0.1111, acc: 0.8800
2019-01-10 23:21:35,764:    |valid num: 3900
2019-01-10 23:21:35,764:    |timec@ 7: 21.1917s
2019-01-10 23:21:53,908:    |
epoch: 8
2019-01-10 23:21:53,908:    |train@ loss: 0.0200, acc: 0.9746
2019-01-10 23:21:56,653:    |valid@ loss: 0.0628, acc: 0.9351
2019-01-10 23:21:56,653:    |valid num: 3900
2019-01-10 23:21:56,653:    |timec@ 8: 20.8885s
2019-01-10 23:22:14,675:    |
epoch: 9
2019-01-10 23:22:14,675:    |train@ loss: 0.0096, acc: 0.9895
2019-01-10 23:22:17,409:    |valid@ loss: 0.0529, acc: 0.9418
2019-01-10 23:22:17,409:    |valid num: 3900
2019-01-10 23:22:17,409:    |timec@ 9: 20.7558s
2019-01-10 23:22:35,731:    |
epoch: 10
2019-01-10 23:22:35,731:    |train@ loss: 0.0188, acc: 0.9787
2019-01-10 23:22:38,554:    |valid@ loss: 0.0584, acc: 0.9346
2019-01-10 23:22:38,554:    |valid num: 3900
2019-01-10 23:22:38,554:    |timec@ 10: 21.1448s
2019-01-10 23:22:56,597:    |
epoch: 11
2019-01-10 23:22:56,597:    |train@ loss: 0.0100, acc: 0.9908
2019-01-10 23:22:59,321:    |valid@ loss: 0.0505, acc: 0.9467
2019-01-10 23:22:59,321:    |valid num: 3900
2019-01-10 23:22:59,321:    |timec@ 11: 20.7664s
2019-01-10 23:23:17,433:    |
epoch: 12
2019-01-10 23:23:17,433:    |train@ loss: 0.0104, acc: 0.9872
2019-01-10 23:23:20,169:    |valid@ loss: 0.0621, acc: 0.9269
2019-01-10 23:23:20,169:    |valid num: 3900
2019-01-10 23:23:20,169:    |timec@ 12: 20.8478s
2019-01-10 23:23:38,735:    |
epoch: 13
2019-01-10 23:23:38,735:    |train@ loss: 0.0079, acc: 0.9921
2019-01-10 23:23:41,487:    |valid@ loss: 0.0683, acc: 0.9151
2019-01-10 23:23:41,487:    |valid num: 3900
2019-01-10 23:23:41,487:    |timec@ 13: 21.3187s
2019-01-10 23:23:59,890:    |
epoch: 14
2019-01-10 23:23:59,890:    |train@ loss: 0.0119, acc: 0.9872
2019-01-10 23:24:02,965:    |valid@ loss: 0.0582, acc: 0.9354
2019-01-10 23:24:02,965:    |valid num: 3900
2019-01-10 23:24:02,965:    |timec@ 14: 21.4769s
2019-01-10 23:24:21,474:    |
epoch: 15
2019-01-10 23:24:21,475:    |train@ loss: 0.0075, acc: 0.9915
2019-01-10 23:24:24,271:    |valid@ loss: 0.0394, acc: 0.9572
2019-01-10 23:24:24,271:    |valid num: 3900
2019-01-10 23:24:24,272:    |timec@ 15: 21.3070s
2019-01-10 23:24:24,272:    |params/VGG110.001-0.0005-4-0.5-15-0.007-0.039.pkl
2019-01-10 23:24:42,854:    |
epoch: 16
2019-01-10 23:24:42,854:    |train@ loss: 0.0024, acc: 0.9979
2019-01-10 23:24:45,740:    |valid@ loss: 0.0411, acc: 0.9531
2019-01-10 23:24:45,740:    |valid num: 3900
2019-01-10 23:24:45,740:    |timec@ 16: 21.4377s
2019-01-10 23:25:04,937:    |
epoch: 17
2019-01-10 23:25:04,938:    |train@ loss: 0.0117, acc: 0.9846
2019-01-10 23:25:07,742:    |valid@ loss: 0.0562, acc: 0.9333
2019-01-10 23:25:07,742:    |valid num: 3900
2019-01-10 23:25:07,742:    |timec@ 17: 22.0029s
2019-01-10 23:25:26,713:    |
epoch: 18
2019-01-10 23:25:26,713:    |train@ loss: 0.0102, acc: 0.9895
2019-01-10 23:25:29,668:    |valid@ loss: 0.0416, acc: 0.9503
2019-01-10 23:25:29,669:    |valid num: 3900
2019-01-10 23:25:29,669:    |timec@ 18: 21.9267s
2019-01-10 23:25:48,911:    |
epoch: 19
2019-01-10 23:25:48,911:    |train@ loss: 0.0047, acc: 0.9931
2019-01-10 23:25:51,898:    |valid@ loss: 0.0539, acc: 0.9413
2019-01-10 23:25:51,898:    |valid num: 3900
2019-01-10 23:25:51,898:    |timec@ 19: 22.2283s
2019-01-10 23:26:10,501:    |
epoch: 20
2019-01-10 23:26:10,501:    |train@ loss: 0.0028, acc: 0.9964
2019-01-10 23:26:13,547:    |valid@ loss: 0.0397, acc: 0.9626
2019-01-10 23:26:13,547:    |valid num: 3900
2019-01-10 23:26:13,547:    |timec@ 20: 21.6491s
2019-01-10 23:26:32,470:    |
epoch: 21
2019-01-10 23:26:32,470:    |train@ loss: 0.0002, acc: 1.0000
2019-01-10 23:26:35,236:    |valid@ loss: 0.0358, acc: 0.9631
2019-01-10 23:26:35,236:    |valid num: 3900
2019-01-10 23:26:35,236:    |timec@ 21: 21.6892s
2019-01-10 23:26:35,236:    |params/VGG110.001-0.0005-4-0.5-21-0.000-0.036.pkl
2019-01-10 23:26:53,677:    |
epoch: 22
2019-01-10 23:26:53,677:    |train@ loss: 0.0001, acc: 1.0000
2019-01-10 23:26:56,453:    |valid@ loss: 0.0366, acc: 0.9621
2019-01-10 23:26:56,453:    |valid num: 3900
2019-01-10 23:26:56,453:    |timec@ 22: 21.1864s
2019-01-10 23:27:15,376:    |
epoch: 23
2019-01-10 23:27:15,377:    |train@ loss: 0.0001, acc: 1.0000
2019-01-10 23:27:18,203:    |valid@ loss: 0.0362, acc: 0.9631
2019-01-10 23:27:18,203:    |valid num: 3900
2019-01-10 23:27:18,203:    |timec@ 23: 21.7497s
2019-01-10 23:27:36,670:    |
epoch: 24
2019-01-10 23:27:36,670:    |train@ loss: 0.0001, acc: 1.0000
2019-01-10 23:27:39,436:    |valid@ loss: 0.0349, acc: 0.9631
2019-01-10 23:27:39,437:    |valid num: 3900
2019-01-10 23:27:39,437:    |timec@ 24: 21.2340s
2019-01-10 23:27:39,437:    |params/VGG110.001-0.0005-4-0.5-24-0.000-0.035.pkl
2019-01-10 23:27:57,879:    |
epoch: 25
2019-01-10 23:27:57,879:    |train@ loss: 0.0001, acc: 1.0000
2019-01-10 23:28:00,866:    |valid@ loss: 0.0352, acc: 0.9628
2019-01-10 23:28:00,866:    |valid num: 3900
2019-01-10 23:28:00,867:    |timec@ 25: 21.4018s
2019-01-10 23:28:20,351:    |
epoch: 26
2019-01-10 23:28:20,351:    |train@ loss: 0.0001, acc: 1.0000
2019-01-10 23:28:23,269:    |valid@ loss: 0.0344, acc: 0.9644
2019-01-10 23:28:23,269:    |valid num: 3900
2019-01-10 23:28:23,269:    |timec@ 26: 22.4029s
2019-01-10 23:28:23,269:    |params/VGG110.001-0.0005-4-0.5-26-0.000-0.034.pkl
2019-01-10 23:28:42,267:    |
epoch: 27
2019-01-10 23:28:42,267:    |train@ loss: 0.0001, acc: 1.0000
2019-01-10 23:28:45,066:    |valid@ loss: 0.0332, acc: 0.9626
2019-01-10 23:28:45,066:    |valid num: 3900
2019-01-10 23:28:45,066:    |timec@ 27: 21.7663s
2019-01-10 23:28:45,066:    |params/VGG110.001-0.0005-4-0.5-27-0.000-0.033.pkl
2019-01-10 23:29:03,871:    |
epoch: 28
2019-01-10 23:29:03,871:    |train@ loss: 0.0001, acc: 1.0000
2019-01-10 23:29:06,690:    |valid@ loss: 0.0341, acc: 0.9636
2019-01-10 23:29:06,690:    |valid num: 3900
2019-01-10 23:29:06,690:    |timec@ 28: 21.5946s
2019-01-10 23:29:25,524:    |
epoch: 29
2019-01-10 23:29:25,524:    |train@ loss: 0.0001, acc: 1.0000
2019-01-10 23:29:28,287:    |valid@ loss: 0.0327, acc: 0.9641
2019-01-10 23:29:28,287:    |valid num: 3900
2019-01-10 23:29:28,287:    |timec@ 29: 21.5967s
2019-01-10 23:29:28,287:    |params/VGG110.001-0.0005-4-0.5-29-0.000-0.033.pkl
2019-01-10 23:29:47,077:    |
epoch: 30
2019-01-10 23:29:47,077:    |train@ loss: 0.0001, acc: 1.0000
2019-01-10 23:29:49,862:    |valid@ loss: 0.0326, acc: 0.9644
2019-01-10 23:29:49,862:    |valid num: 3900
2019-01-10 23:29:49,862:    |timec@ 30: 21.5476s
2019-01-10 23:29:49,862:    |params/VGG110.001-0.0005-4-0.5-30-0.000-0.033.pkl
2019-01-10 23:30:08,680:    |
epoch: 31
2019-01-10 23:30:08,680:    |train@ loss: 0.0001, acc: 1.0000
2019-01-10 23:30:11,460:    |valid@ loss: 0.0318, acc: 0.9646
2019-01-10 23:30:11,461:    |valid num: 3900
2019-01-10 23:30:11,461:    |timec@ 31: 21.5705s
2019-01-10 23:30:11,461:    |params/VGG110.001-0.0005-4-0.5-31-0.000-0.032.pkl
2019-01-10 23:30:30,251:    |
epoch: 32
2019-01-10 23:30:30,251:    |train@ loss: 0.0001, acc: 1.0000
2019-01-10 23:30:33,041:    |valid@ loss: 0.0327, acc: 0.9641
2019-01-10 23:30:33,041:    |valid num: 3900
2019-01-10 23:30:33,041:    |timec@ 32: 21.5520s
2019-01-10 23:30:52,586:    |
epoch: 33
2019-01-10 23:30:52,586:    |train@ loss: 0.0001, acc: 1.0000
2019-01-10 23:30:56,011:    |valid@ loss: 0.0310, acc: 0.9662
2019-01-10 23:30:56,011:    |valid num: 3900
2019-01-10 23:30:56,011:    |timec@ 33: 22.9707s
2019-01-10 23:30:56,011:    |params/VGG110.001-0.0005-4-0.5-33-0.000-0.031.pkl
2019-01-10 23:31:17,102:    |
epoch: 34
2019-01-10 23:31:17,102:    |train@ loss: 0.0002, acc: 1.0000
2019-01-10 23:31:20,575:    |valid@ loss: 0.0326, acc: 0.9641
2019-01-10 23:31:20,576:    |valid num: 3900
2019-01-10 23:31:20,576:    |timec@ 34: 24.5360s
2019-01-10 23:31:42,335:    |
epoch: 35
2019-01-10 23:31:42,336:    |train@ loss: 0.0467, acc: 0.9454
2019-01-10 23:31:45,762:    |valid@ loss: 0.0395, acc: 0.9469
2019-01-10 23:31:45,763:    |valid num: 3900
2019-01-10 23:31:45,763:    |timec@ 35: 25.1863s
2019-01-10 23:32:07,545:    |
epoch: 36
2019-01-10 23:32:07,545:    |train@ loss: 0.0183, acc: 0.9774
2019-01-10 23:32:10,968:    |valid@ loss: 0.0435, acc: 0.9497
2019-01-10 23:32:10,968:    |valid num: 3900
2019-01-10 23:32:10,968:    |timec@ 36: 25.2057s
2019-01-10 23:32:33,385:    |
epoch: 37
2019-01-10 23:32:33,385:    |train@ loss: 0.0057, acc: 0.9946
2019-01-10 23:32:37,088:    |valid@ loss: 0.0469, acc: 0.9500
2019-01-10 23:32:37,088:    |valid num: 3900
2019-01-10 23:32:37,088:    |timec@ 37: 26.1195s
2019-01-10 23:33:01,159:    |
epoch: 38
2019-01-10 23:33:01,159:    |train@ loss: 0.0015, acc: 0.9990
2019-01-10 23:33:04,985:    |valid@ loss: 0.0481, acc: 0.9497
2019-01-10 23:33:04,985:    |valid num: 3900
2019-01-10 23:33:04,985:    |timec@ 38: 27.8971s
2019-01-10 23:33:29,238:    |
epoch: 39
2019-01-10 23:33:29,238:    |train@ loss: 0.0005, acc: 0.9997
2019-01-10 23:33:32,899:    |valid@ loss: 0.0373, acc: 0.9608
2019-01-10 23:33:32,899:    |valid num: 3900
2019-01-10 23:33:32,899:    |timec@ 39: 27.9139s
2019-01-10 23:33:55,512:    |
epoch: 40
2019-01-10 23:33:55,512:    |train@ loss: 0.0001, acc: 1.0000
2019-01-10 23:33:59,392:    |valid@ loss: 0.0359, acc: 0.9626
2019-01-10 23:33:59,392:    |valid num: 3900
2019-01-10 23:33:59,392:    |timec@ 40: 26.4927s
2019-01-10 23:34:22,528:    |
epoch: 41
2019-01-10 23:34:22,528:    |train@ loss: 0.0001, acc: 1.0000
2019-01-10 23:34:26,111:    |valid@ loss: 0.0354, acc: 0.9615
2019-01-10 23:34:26,111:    |valid num: 3900
2019-01-10 23:34:26,111:    |timec@ 41: 26.7193s
2019-01-10 23:34:48,871:    |
epoch: 42
2019-01-10 23:34:48,871:    |train@ loss: 0.0001, acc: 1.0000
2019-01-10 23:34:52,700:    |valid@ loss: 0.0352, acc: 0.9613
2019-01-10 23:34:52,700:    |valid num: 3900
2019-01-10 23:34:52,700:    |timec@ 42: 26.5888s
2019-01-10 23:35:18,311:    |
epoch: 43
2019-01-10 23:35:18,311:    |train@ loss: 0.0001, acc: 1.0000
2019-01-10 23:35:22,416:    |valid@ loss: 0.0346, acc: 0.9626
2019-01-10 23:35:22,416:    |valid num: 3900
2019-01-10 23:35:22,416:    |timec@ 43: 29.7166s
2019-01-10 23:35:47,842:    |
epoch: 44
2019-01-10 23:35:47,842:    |train@ loss: 0.0001, acc: 1.0000
2019-01-10 23:35:51,318:    |valid@ loss: 0.0340, acc: 0.9631
2019-01-10 23:35:51,318:    |valid num: 3900
2019-01-10 23:35:51,318:    |timec@ 44: 28.9022s
2019-01-10 23:36:14,364:    |
epoch: 45
2019-01-10 23:36:14,364:    |train@ loss: 0.0001, acc: 1.0000
2019-01-10 23:36:18,270:    |valid@ loss: 0.0326, acc: 0.9646
2019-01-10 23:36:18,270:    |valid num: 3900
2019-01-10 23:36:18,270:    |timec@ 45: 26.9517s
2019-01-10 23:36:41,882:    |
epoch: 46
2019-01-10 23:36:41,882:    |train@ loss: 0.0001, acc: 1.0000
2019-01-10 23:36:45,376:    |valid@ loss: 0.0328, acc: 0.9636
2019-01-10 23:36:45,377:    |valid num: 3900
2019-01-10 23:36:45,377:    |timec@ 46: 27.1075s
2019-01-10 23:37:08,240:    |
epoch: 47
2019-01-10 23:37:08,240:    |train@ loss: 0.0001, acc: 1.0000
2019-01-10 23:37:11,817:    |valid@ loss: 0.0320, acc: 0.9636
2019-01-10 23:37:11,817:    |valid num: 3900
2019-01-10 23:37:11,817:    |timec@ 47: 26.4391s
2019-01-10 23:37:36,085:    |
epoch: 48
2019-01-10 23:37:36,085:    |train@ loss: 0.0001, acc: 1.0000
2019-01-10 23:37:39,298:    |valid@ loss: 0.0322, acc: 0.9651
2019-01-10 23:37:39,298:    |valid num: 3900
2019-01-10 23:37:39,298:    |timec@ 48: 27.4811s
2019-01-10 23:37:59,706:    |
epoch: 49
2019-01-10 23:37:59,706:    |train@ loss: 0.0001, acc: 1.0000
2019-01-10 23:38:02,593:    |valid@ loss: 0.0309, acc: 0.9646
2019-01-10 23:38:02,593:    |valid num: 3900
2019-01-10 23:38:02,593:    |timec@ 49: 23.2951s
2019-01-10 23:38:02,593:    |params/VGG110.001-0.0005-4-0.5-49-0.000-0.031.pkl
