2019-01-11 00:12:09,039:    |cuda
2019-01-11 00:12:11,266:    |0.001-0.01-4-0.5
2019-01-11 00:12:29,795:    |
epoch: 0
2019-01-11 00:12:29,796:    |train@ loss: 0.4065, acc: 0.4887
2019-01-11 00:12:32,395:    |valid@ loss: 0.2605, acc: 0.6733
2019-01-11 00:12:32,395:    |valid num: 3900
2019-01-11 00:12:32,395:    |timec@ 0: 20.8735s
2019-01-11 00:12:49,846:    |
epoch: 1
2019-01-11 00:12:49,846:    |train@ loss: 0.1357, acc: 0.8359
2019-01-11 00:12:52,431:    |valid@ loss: 0.1118, acc: 0.8659
2019-01-11 00:12:52,431:    |valid num: 3900
2019-01-11 00:12:52,431:    |timec@ 1: 20.0363s
2019-01-11 00:13:09,845:    |
epoch: 2
2019-01-11 00:13:09,845:    |train@ loss: 0.0903, acc: 0.8949
2019-01-11 00:13:12,446:    |valid@ loss: 0.0972, acc: 0.8869
2019-01-11 00:13:12,446:    |valid num: 3900
2019-01-11 00:13:12,446:    |timec@ 2: 20.0145s
2019-01-11 00:13:29,860:    |
epoch: 3
2019-01-11 00:13:29,860:    |train@ loss: 0.0655, acc: 0.9246
2019-01-11 00:13:32,473:    |valid@ loss: 0.0823, acc: 0.9087
2019-01-11 00:13:32,473:    |valid num: 3900
2019-01-11 00:13:32,473:    |timec@ 3: 20.0274s
2019-01-11 00:13:32,473:    |params/earlyVGG110.001-0.01-4-0.5-3-0.065-0.082.pkl
2019-01-11 00:13:50,062:    |
epoch: 4
2019-01-11 00:13:50,062:    |train@ loss: 0.0540, acc: 0.9428
2019-01-11 00:13:52,671:    |valid@ loss: 0.0731, acc: 0.9162
2019-01-11 00:13:52,671:    |valid num: 3900
2019-01-11 00:13:52,671:    |timec@ 4: 20.1688s
2019-01-11 00:13:52,671:    |params/earlyVGG110.001-0.01-4-0.5-4-0.054-0.073.pkl
