2019-01-11 22:34:42,437:    |cuda
2019-01-11 22:34:43,635:    |dropout_smlrbgwdVGG11lr5e-06_wd1.0_bs4_vs0.001
2019-01-11 22:35:26,262:    |
epoch: 0
2019-01-11 22:35:26,262:    |train@ loss: 0.6398, acc: 0.0912
2019-01-11 22:35:26,269:    |valid@ loss: 0.7405, acc: 0.0000
2019-01-11 22:35:26,269:    |valid num: 7
2019-01-11 22:35:26,270:    |timec@ 0: 42.3887s
2019-01-11 22:36:06,134:    |
epoch: 1
2019-01-11 22:36:06,134:    |train@ loss: 0.6270, acc: 0.1109
2019-01-11 22:36:06,140:    |valid@ loss: 0.7762, acc: 0.0000
2019-01-11 22:36:06,141:    |valid num: 7
2019-01-11 22:36:06,141:    |timec@ 1: 39.8714s
2019-01-11 22:36:45,638:    |
epoch: 2
2019-01-11 22:36:45,638:    |train@ loss: 0.6164, acc: 0.1199
2019-01-11 22:36:45,643:    |valid@ loss: 0.7792, acc: 0.0000
2019-01-11 22:36:45,644:    |valid num: 7
2019-01-11 22:36:45,644:    |timec@ 2: 39.5025s
2019-01-11 22:37:24,653:    |
epoch: 3
2019-01-11 22:37:24,653:    |train@ loss: 0.6036, acc: 0.1477
2019-01-11 22:37:24,658:    |valid@ loss: 0.7660, acc: 0.0000
2019-01-11 22:37:24,659:    |valid num: 7
2019-01-11 22:37:24,659:    |timec@ 3: 39.0157s
2019-01-11 22:38:03,735:    |
epoch: 4
2019-01-11 22:38:03,735:    |train@ loss: 0.5698, acc: 0.2251
2019-01-11 22:38:03,741:    |valid@ loss: 0.7630, acc: 0.0000
2019-01-11 22:38:03,742:    |valid num: 7
2019-01-11 22:38:03,742:    |timec@ 4: 39.0826s
2019-01-11 22:38:43,107:    |
epoch: 5
2019-01-11 22:38:43,108:    |train@ loss: 0.5132, acc: 0.3420
2019-01-11 22:38:43,114:    |valid@ loss: 0.7104, acc: 0.1429
2019-01-11 22:38:43,114:    |valid num: 7
2019-01-11 22:38:43,114:    |timec@ 5: 39.3718s
2019-01-11 22:39:22,507:    |
epoch: 6
2019-01-11 22:39:22,507:    |train@ loss: 0.4455, acc: 0.4749
2019-01-11 22:39:22,514:    |valid@ loss: 0.6504, acc: 0.1429
2019-01-11 22:39:22,514:    |valid num: 7
2019-01-11 22:39:22,514:    |timec@ 6: 39.3998s
2019-01-11 22:40:01,690:    |
epoch: 7
2019-01-11 22:40:01,690:    |train@ loss: 0.3730, acc: 0.6003
2019-01-11 22:40:01,696:    |valid@ loss: 0.4526, acc: 0.5714
2019-01-11 22:40:01,696:    |valid num: 7
2019-01-11 22:40:01,696:    |timec@ 7: 39.1823s
2019-01-11 22:40:41,510:    |
epoch: 8
2019-01-11 22:40:41,510:    |train@ loss: 0.2905, acc: 0.7291
2019-01-11 22:40:41,516:    |valid@ loss: 0.2333, acc: 0.7143
2019-01-11 22:40:41,516:    |valid num: 7
2019-01-11 22:40:41,516:    |timec@ 8: 39.8206s
2019-01-11 22:41:21,910:    |
epoch: 9
2019-01-11 22:41:21,910:    |train@ loss: 0.2173, acc: 0.8173
2019-01-11 22:41:21,916:    |valid@ loss: 0.1480, acc: 1.0000
2019-01-11 22:41:21,916:    |valid num: 7
2019-01-11 22:41:21,916:    |timec@ 9: 40.3990s
2019-01-11 22:42:01,795:    |
epoch: 10
2019-01-11 22:42:01,796:    |train@ loss: 0.1690, acc: 0.8642
2019-01-11 22:42:01,802:    |valid@ loss: 0.0497, acc: 1.0000
2019-01-11 22:42:01,802:    |valid num: 7
2019-01-11 22:42:01,802:    |timec@ 10: 39.8865s
2019-01-11 22:42:01,802:    |params2/dropout_smlrbgwdVGG11lr5e-06_wd1.0_bs4_vs0.001-10-0.169-0.050.pkl
2019-01-11 22:42:42,116:    |
epoch: 11
2019-01-11 22:42:42,116:    |train@ loss: 0.1390, acc: 0.8925
2019-01-11 22:42:42,122:    |valid@ loss: 0.0250, acc: 1.0000
2019-01-11 22:42:42,122:    |valid num: 7
2019-01-11 22:42:42,122:    |timec@ 11: 40.2894s
2019-01-11 22:42:42,122:    |params2/dropout_smlrbgwdVGG11lr5e-06_wd1.0_bs4_vs0.001-11-0.139-0.025.pkl
2019-01-11 22:43:22,025:    |
epoch: 12
2019-01-11 22:43:22,025:    |train@ loss: 0.1162, acc: 0.9144
2019-01-11 22:43:22,031:    |valid@ loss: 0.0147, acc: 1.0000
2019-01-11 22:43:22,032:    |valid num: 7
2019-01-11 22:43:22,032:    |timec@ 12: 39.8804s
2019-01-11 22:43:22,032:    |params2/dropout_smlrbgwdVGG11lr5e-06_wd1.0_bs4_vs0.001-12-0.116-0.015.pkl
2019-01-11 22:44:02,282:    |
epoch: 13
2019-01-11 22:44:02,282:    |train@ loss: 0.1018, acc: 0.9251
2019-01-11 22:44:02,288:    |valid@ loss: 0.0104, acc: 1.0000
2019-01-11 22:44:02,288:    |valid num: 7
2019-01-11 22:44:02,288:    |timec@ 13: 40.2275s
2019-01-11 22:44:02,288:    |params2/dropout_smlrbgwdVGG11lr5e-06_wd1.0_bs4_vs0.001-13-0.102-0.010.pkl
2019-01-11 22:44:43,320:    |
epoch: 14
2019-01-11 22:44:43,320:    |train@ loss: 0.0923, acc: 0.9351
2019-01-11 22:44:43,326:    |valid@ loss: 0.0127, acc: 1.0000
2019-01-11 22:44:43,326:    |valid num: 7
2019-01-11 22:44:43,326:    |timec@ 14: 41.0064s
2019-01-11 22:45:23,939:    |
epoch: 15
2019-01-11 22:45:23,940:    |train@ loss: 0.0849, acc: 0.9425
2019-01-11 22:45:23,945:    |valid@ loss: 0.0081, acc: 1.0000
2019-01-11 22:45:23,945:    |valid num: 7
2019-01-11 22:45:23,945:    |timec@ 15: 40.6185s
2019-01-11 22:45:23,946:    |params2/dropout_smlrbgwdVGG11lr5e-06_wd1.0_bs4_vs0.001-15-0.085-0.008.pkl
2019-01-11 22:46:04,294:    |
epoch: 16
2019-01-11 22:46:04,294:    |train@ loss: 0.0769, acc: 0.9512
2019-01-11 22:46:04,300:    |valid@ loss: 0.0061, acc: 1.0000
2019-01-11 22:46:04,300:    |valid num: 7
2019-01-11 22:46:04,300:    |timec@ 16: 40.3273s
2019-01-11 22:46:04,300:    |params2/dropout_smlrbgwdVGG11lr5e-06_wd1.0_bs4_vs0.001-16-0.077-0.006.pkl
2019-01-11 22:46:44,709:    |
epoch: 17
2019-01-11 22:46:44,710:    |train@ loss: 0.0722, acc: 0.9578
2019-01-11 22:46:44,716:    |valid@ loss: 0.0074, acc: 1.0000
2019-01-11 22:46:44,716:    |valid num: 7
2019-01-11 22:46:44,716:    |timec@ 17: 40.3871s
2019-01-11 22:47:25,568:    |
epoch: 18
2019-01-11 22:47:25,568:    |train@ loss: 0.0696, acc: 0.9593
2019-01-11 22:47:25,574:    |valid@ loss: 0.0075, acc: 1.0000
2019-01-11 22:47:25,574:    |valid num: 7
2019-01-11 22:47:25,574:    |timec@ 18: 40.8579s
2019-01-11 22:48:05,015:    |
epoch: 19
2019-01-11 22:48:05,015:    |train@ loss: 0.0675, acc: 0.9638
2019-01-11 22:48:05,020:    |valid@ loss: 0.0074, acc: 1.0000
2019-01-11 22:48:05,020:    |valid num: 7
2019-01-11 22:48:05,020:    |timec@ 19: 39.4466s
2019-01-11 22:48:44,349:    |
epoch: 20
2019-01-11 22:48:44,349:    |train@ loss: 0.0649, acc: 0.9683
2019-01-11 22:48:44,356:    |valid@ loss: 0.0097, acc: 1.0000
2019-01-11 22:48:44,356:    |valid num: 7
2019-01-11 22:48:44,356:    |timec@ 20: 39.3359s
2019-01-11 22:49:24,232:    |
epoch: 21
2019-01-11 22:49:24,232:    |train@ loss: 0.0627, acc: 0.9722
2019-01-11 22:49:24,239:    |valid@ loss: 0.0083, acc: 1.0000
2019-01-11 22:49:24,239:    |valid num: 7
2019-01-11 22:49:24,240:    |timec@ 21: 39.8824s
2019-01-11 22:50:04,404:    |
epoch: 22
2019-01-11 22:50:04,404:    |train@ loss: 0.0622, acc: 0.9741
2019-01-11 22:50:04,411:    |valid@ loss: 0.0057, acc: 1.0000
2019-01-11 22:50:04,411:    |valid num: 7
2019-01-11 22:50:04,411:    |timec@ 22: 40.1707s
2019-01-11 22:50:04,412:    |params2/dropout_smlrbgwdVGG11lr5e-06_wd1.0_bs4_vs0.001-22-0.062-0.006.pkl
2019-01-11 22:50:44,245:    |
epoch: 23
2019-01-11 22:50:44,245:    |train@ loss: 0.0608, acc: 0.9745
2019-01-11 22:50:44,251:    |valid@ loss: 0.0074, acc: 1.0000
2019-01-11 22:50:44,251:    |valid num: 7
2019-01-11 22:50:44,251:    |timec@ 23: 39.8117s
2019-01-11 22:51:23,807:    |
epoch: 24
2019-01-11 22:51:23,807:    |train@ loss: 0.0599, acc: 0.9777
2019-01-11 22:51:23,813:    |valid@ loss: 0.0066, acc: 1.0000
2019-01-11 22:51:23,813:    |valid num: 7
2019-01-11 22:51:23,813:    |timec@ 24: 39.5623s
2019-01-11 22:52:03,108:    |
epoch: 25
2019-01-11 22:52:03,109:    |train@ loss: 0.0601, acc: 0.9761
2019-01-11 22:52:03,115:    |valid@ loss: 0.0051, acc: 1.0000
2019-01-11 22:52:03,115:    |valid num: 7
2019-01-11 22:52:03,115:    |timec@ 25: 39.3020s
2019-01-11 22:52:03,115:    |params2/dropout_smlrbgwdVGG11lr5e-06_wd1.0_bs4_vs0.001-25-0.060-0.005.pkl
2019-01-11 22:52:42,632:    |
epoch: 26
2019-01-11 22:52:42,632:    |train@ loss: 0.0590, acc: 0.9772
2019-01-11 22:52:42,639:    |valid@ loss: 0.0062, acc: 1.0000
2019-01-11 22:52:42,639:    |valid num: 7
2019-01-11 22:52:42,639:    |timec@ 26: 39.4935s
2019-01-11 22:53:22,500:    |
epoch: 27
2019-01-11 22:53:22,501:    |train@ loss: 0.0594, acc: 0.9775
2019-01-11 22:53:22,506:    |valid@ loss: 0.0071, acc: 1.0000
2019-01-11 22:53:22,507:    |valid num: 7
2019-01-11 22:53:22,507:    |timec@ 27: 39.8685s
2019-01-11 22:54:03,096:    |
epoch: 28
2019-01-11 22:54:03,096:    |train@ loss: 0.0594, acc: 0.9799
2019-01-11 22:54:03,102:    |valid@ loss: 0.0070, acc: 1.0000
2019-01-11 22:54:03,103:    |valid num: 7
2019-01-11 22:54:03,103:    |timec@ 28: 40.5955s
2019-01-11 22:54:42,767:    |
epoch: 29
2019-01-11 22:54:42,767:    |train@ loss: 0.0588, acc: 0.9808
2019-01-11 22:54:42,773:    |valid@ loss: 0.0057, acc: 1.0000
2019-01-11 22:54:42,773:    |valid num: 7
2019-01-11 22:54:42,773:    |timec@ 29: 39.6700s
2019-01-11 22:55:22,800:    |
epoch: 30
2019-01-11 22:55:22,800:    |train@ loss: 0.0584, acc: 0.9824
2019-01-11 22:55:22,807:    |valid@ loss: 0.0067, acc: 1.0000
2019-01-11 22:55:22,807:    |valid num: 7
2019-01-11 22:55:22,807:    |timec@ 30: 40.0340s
2019-01-11 22:56:02,670:    |
epoch: 31
2019-01-11 22:56:02,670:    |train@ loss: 0.0588, acc: 0.9820
2019-01-11 22:56:02,677:    |valid@ loss: 0.0063, acc: 1.0000
2019-01-11 22:56:02,677:    |valid num: 7
2019-01-11 22:56:02,677:    |timec@ 31: 39.8705s
2019-01-11 22:56:42,740:    |
epoch: 32
2019-01-11 22:56:42,741:    |train@ loss: 0.0580, acc: 0.9842
2019-01-11 22:56:42,746:    |valid@ loss: 0.0067, acc: 1.0000
2019-01-11 22:56:42,746:    |valid num: 7
2019-01-11 22:56:42,746:    |timec@ 32: 40.0689s
2019-01-11 22:57:22,934:    |
epoch: 33
2019-01-11 22:57:22,935:    |train@ loss: 0.0579, acc: 0.9850
2019-01-11 22:57:22,942:    |valid@ loss: 0.0101, acc: 1.0000
2019-01-11 22:57:22,942:    |valid num: 7
2019-01-11 22:57:22,942:    |timec@ 33: 40.1946s
2019-01-11 22:58:02,772:    |
epoch: 34
2019-01-11 22:58:02,772:    |train@ loss: 0.0590, acc: 0.9840
2019-01-11 22:58:02,778:    |valid@ loss: 0.0056, acc: 1.0000
2019-01-11 22:58:02,778:    |valid num: 7
2019-01-11 22:58:02,778:    |timec@ 34: 39.8366s
2019-01-11 22:58:42,724:    |
epoch: 35
2019-01-11 22:58:42,724:    |train@ loss: 0.0583, acc: 0.9856
2019-01-11 22:58:42,730:    |valid@ loss: 0.0085, acc: 1.0000
2019-01-11 22:58:42,730:    |valid num: 7
2019-01-11 22:58:42,730:    |timec@ 35: 39.9513s
2019-01-11 22:59:22,988:    |
epoch: 36
2019-01-11 22:59:22,989:    |train@ loss: 0.0599, acc: 0.9846
2019-01-11 22:59:22,995:    |valid@ loss: 0.0064, acc: 1.0000
2019-01-11 22:59:22,995:    |valid num: 7
2019-01-11 22:59:22,995:    |timec@ 36: 40.2654s
2019-01-11 23:00:04,436:    |
epoch: 37
2019-01-11 23:00:04,437:    |train@ loss: 0.0579, acc: 0.9869
2019-01-11 23:00:04,444:    |valid@ loss: 0.0076, acc: 1.0000
2019-01-11 23:00:04,444:    |valid num: 7
2019-01-11 23:00:04,444:    |timec@ 37: 41.4493s
2019-01-11 23:00:44,633:    |
epoch: 38
2019-01-11 23:00:44,633:    |train@ loss: 0.0594, acc: 0.9863
2019-01-11 23:00:44,639:    |valid@ loss: 0.0068, acc: 1.0000
2019-01-11 23:00:44,639:    |valid num: 7
2019-01-11 23:00:44,639:    |timec@ 38: 40.1946s
2019-01-11 23:01:24,382:    |
epoch: 39
2019-01-11 23:01:24,382:    |train@ loss: 0.0592, acc: 0.9860
2019-01-11 23:01:24,388:    |valid@ loss: 0.0074, acc: 1.0000
2019-01-11 23:01:24,388:    |valid num: 7
2019-01-11 23:01:24,388:    |timec@ 39: 39.7488s
2019-01-11 23:02:03,710:    |
epoch: 40
2019-01-11 23:02:03,710:    |train@ loss: 0.0594, acc: 0.9873
2019-01-11 23:02:03,716:    |valid@ loss: 0.0048, acc: 1.0000
2019-01-11 23:02:03,716:    |valid num: 7
2019-01-11 23:02:03,716:    |timec@ 40: 39.3279s
2019-01-11 23:02:03,716:    |params2/dropout_smlrbgwdVGG11lr5e-06_wd1.0_bs4_vs0.001-40-0.059-0.005.pkl
2019-01-11 23:02:43,599:    |
epoch: 41
2019-01-11 23:02:43,600:    |train@ loss: 0.0605, acc: 0.9876
2019-01-11 23:02:43,605:    |valid@ loss: 0.0076, acc: 1.0000
2019-01-11 23:02:43,605:    |valid num: 7
2019-01-11 23:02:43,605:    |timec@ 41: 39.8585s
2019-01-11 23:03:24,867:    |
epoch: 42
2019-01-11 23:03:24,867:    |train@ loss: 0.0605, acc: 0.9864
2019-01-11 23:03:24,874:    |valid@ loss: 0.0066, acc: 1.0000
2019-01-11 23:03:24,874:    |valid num: 7
2019-01-11 23:03:24,874:    |timec@ 42: 41.2687s
2019-01-11 23:04:04,813:    |
epoch: 43
2019-01-11 23:04:04,813:    |train@ loss: 0.0618, acc: 0.9868
2019-01-11 23:04:04,820:    |valid@ loss: 0.0069, acc: 1.0000
2019-01-11 23:04:04,820:    |valid num: 7
2019-01-11 23:04:04,821:    |timec@ 43: 39.9472s
2019-01-11 23:04:44,525:    |
epoch: 44
2019-01-11 23:04:44,525:    |train@ loss: 0.0616, acc: 0.9886
2019-01-11 23:04:44,533:    |valid@ loss: 0.0059, acc: 1.0000
2019-01-11 23:04:44,533:    |valid num: 7
2019-01-11 23:04:44,533:    |timec@ 44: 39.7119s
2019-01-11 23:05:24,866:    |
epoch: 45
2019-01-11 23:05:24,866:    |train@ loss: 0.0617, acc: 0.9885
2019-01-11 23:05:24,872:    |valid@ loss: 0.0061, acc: 1.0000
2019-01-11 23:05:24,872:    |valid num: 7
2019-01-11 23:05:24,872:    |timec@ 45: 40.3392s
2019-01-11 23:06:04,636:    |
epoch: 46
2019-01-11 23:06:04,636:    |train@ loss: 0.0627, acc: 0.9877
2019-01-11 23:06:04,642:    |valid@ loss: 0.0052, acc: 1.0000
2019-01-11 23:06:04,642:    |valid num: 7
2019-01-11 23:06:04,642:    |timec@ 46: 39.7697s
2019-01-11 23:06:45,555:    |
epoch: 47
2019-01-11 23:06:45,555:    |train@ loss: 0.0642, acc: 0.9879
2019-01-11 23:06:45,561:    |valid@ loss: 0.0079, acc: 1.0000
2019-01-11 23:06:45,561:    |valid num: 7
2019-01-11 23:06:45,561:    |timec@ 47: 40.9187s
2019-01-11 23:07:25,878:    |
epoch: 48
2019-01-11 23:07:25,878:    |train@ loss: 0.0643, acc: 0.9883
2019-01-11 23:07:25,884:    |valid@ loss: 0.0067, acc: 1.0000
2019-01-11 23:07:25,884:    |valid num: 7
2019-01-11 23:07:25,884:    |timec@ 48: 40.3233s
2019-01-11 23:08:05,805:    |
epoch: 49
2019-01-11 23:08:05,805:    |train@ loss: 0.0640, acc: 0.9896
2019-01-11 23:08:05,812:    |valid@ loss: 0.0072, acc: 1.0000
2019-01-11 23:08:05,812:    |valid num: 7
2019-01-11 23:08:05,812:    |timec@ 49: 39.9283s
