2019-01-10 23:42:33,228:    |cuda
2019-01-10 23:42:34,443:    |0.001-0.0005-4-0.5
2019-01-10 23:42:54,229:    |
epoch: 0
2019-01-10 23:42:54,229:    |train@ loss: 0.3090, acc: 0.6074
2019-01-10 23:42:57,044:    |valid@ loss: 0.1170, acc: 0.8510
2019-01-10 23:42:57,045:    |valid num: 3900
2019-01-10 23:42:57,045:    |timec@ 0: 22.3372s
2019-01-10 23:43:18,273:    |
epoch: 1
2019-01-10 23:43:18,274:    |train@ loss: 0.0927, acc: 0.8818
2019-01-10 23:43:21,783:    |valid@ loss: 0.0934, acc: 0.8821
2019-01-10 23:43:21,783:    |valid num: 3900
2019-01-10 23:43:21,784:    |timec@ 1: 24.7393s
2019-01-10 23:43:43,332:    |
epoch: 2
2019-01-10 23:43:43,333:    |train@ loss: 0.0544, acc: 0.9346
2019-01-10 23:43:46,827:    |valid@ loss: 0.0634, acc: 0.9292
2019-01-10 23:43:46,827:    |valid num: 3900
2019-01-10 23:43:46,827:    |timec@ 2: 25.0430s
2019-01-10 23:43:46,827:    |params/restartVGG110.001-0.0005-4-0.5-2-0.054-0.063.pkl
2019-01-10 23:44:09,256:    |
epoch: 3
2019-01-10 23:44:09,257:    |train@ loss: 0.0390, acc: 0.9477
2019-01-10 23:44:12,724:    |valid@ loss: 0.0662, acc: 0.9241
2019-01-10 23:44:12,724:    |valid num: 3900
2019-01-10 23:44:12,724:    |timec@ 3: 25.8660s
2019-01-10 23:44:34,533:    |
epoch: 4
2019-01-10 23:44:34,533:    |train@ loss: 0.0304, acc: 0.9618
2019-01-10 23:44:38,077:    |valid@ loss: 0.0532, acc: 0.9326
2019-01-10 23:44:38,077:    |valid num: 3900
2019-01-10 23:44:38,077:    |timec@ 4: 25.3531s
2019-01-10 23:44:38,077:    |params/restartVGG110.001-0.0005-4-0.5-4-0.030-0.053.pkl
2019-01-10 23:45:00,820:    |
epoch: 5
2019-01-10 23:45:00,820:    |train@ loss: 0.0198, acc: 0.9744
2019-01-10 23:45:04,544:    |valid@ loss: 0.0710, acc: 0.9156
2019-01-10 23:45:04,544:    |valid num: 3900
2019-01-10 23:45:04,544:    |timec@ 5: 26.4369s
2019-01-10 23:45:28,271:    |
epoch: 6
2019-01-10 23:45:28,271:    |train@ loss: 0.0210, acc: 0.9744
2019-01-10 23:45:32,025:    |valid@ loss: 0.0537, acc: 0.9395
2019-01-10 23:45:32,025:    |valid num: 3900
2019-01-10 23:45:32,026:    |timec@ 6: 27.4813s
2019-01-10 23:45:54,635:    |
epoch: 7
2019-01-10 23:45:54,635:    |train@ loss: 0.0187, acc: 0.9756
2019-01-10 23:45:58,407:    |valid@ loss: 0.0598, acc: 0.9328
2019-01-10 23:45:58,408:    |valid num: 3900
2019-01-10 23:45:58,408:    |timec@ 7: 26.3824s
2019-01-10 23:46:23,109:    |
epoch: 8
2019-01-10 23:46:23,109:    |train@ loss: 0.0161, acc: 0.9790
2019-01-10 23:46:26,956:    |valid@ loss: 0.1053, acc: 0.8769
2019-01-10 23:46:26,956:    |valid num: 3900
2019-01-10 23:46:26,956:    |timec@ 8: 28.5476s
2019-01-10 23:46:51,157:    |
epoch: 9
2019-01-10 23:46:51,158:    |train@ loss: 0.0135, acc: 0.9826
2019-01-10 23:46:54,749:    |valid@ loss: 0.0503, acc: 0.9423
2019-01-10 23:46:54,750:    |valid num: 3900
2019-01-10 23:46:54,750:    |timec@ 9: 27.7939s
2019-01-10 23:46:54,750:    |params/restartVGG110.001-0.0005-4-0.5-9-0.014-0.050.pkl
2019-01-10 23:47:18,598:    |
epoch: 10
2019-01-10 23:47:18,598:    |train@ loss: 0.0129, acc: 0.9864
2019-01-10 23:47:22,199:    |valid@ loss: 0.0690, acc: 0.9238
2019-01-10 23:47:22,199:    |valid num: 3900
2019-01-10 23:47:22,199:    |timec@ 10: 27.4196s
2019-01-10 23:47:47,596:    |
epoch: 11
2019-01-10 23:47:47,596:    |train@ loss: 0.0101, acc: 0.9879
2019-01-10 23:47:52,073:    |valid@ loss: 0.0589, acc: 0.9313
2019-01-10 23:47:52,073:    |valid num: 3900
2019-01-10 23:47:52,074:    |timec@ 11: 29.8751s
2019-01-10 23:48:18,673:    |
epoch: 12
2019-01-10 23:48:18,673:    |train@ loss: 0.0090, acc: 0.9890
2019-01-10 23:48:22,915:    |valid@ loss: 0.0581, acc: 0.9346
2019-01-10 23:48:22,915:    |valid num: 3900
2019-01-10 23:48:22,915:    |timec@ 12: 30.8406s
2019-01-10 23:48:48,969:    |
epoch: 13
2019-01-10 23:48:48,969:    |train@ loss: 0.0083, acc: 0.9897
2019-01-10 23:48:53,016:    |valid@ loss: 0.0596, acc: 0.9364
2019-01-10 23:48:53,016:    |valid num: 3900
2019-01-10 23:48:53,016:    |timec@ 13: 30.1007s
2019-01-10 23:49:17,220:    |
epoch: 14
2019-01-10 23:49:17,220:    |train@ loss: 0.0103, acc: 0.9900
2019-01-10 23:49:21,092:    |valid@ loss: 0.0461, acc: 0.9497
2019-01-10 23:49:21,092:    |valid num: 3900
2019-01-10 23:49:21,092:    |timec@ 14: 28.0766s
2019-01-10 23:49:21,092:    |params/restartVGG110.001-0.0005-4-0.5-14-0.010-0.046.pkl
2019-01-10 23:49:44,041:    |
epoch: 15
2019-01-10 23:49:44,041:    |train@ loss: 0.0103, acc: 0.9867
2019-01-10 23:49:48,425:    |valid@ loss: 0.0548, acc: 0.9392
2019-01-10 23:49:48,425:    |valid num: 3900
2019-01-10 23:49:48,425:    |timec@ 15: 27.3011s
2019-01-10 23:50:13,332:    |
epoch: 16
2019-01-10 23:50:13,333:    |train@ loss: 0.0101, acc: 0.9867
2019-01-10 23:50:17,424:    |valid@ loss: 0.0535, acc: 0.9385
2019-01-10 23:50:17,424:    |valid num: 3900
2019-01-10 23:50:17,424:    |timec@ 16: 28.9990s
2019-01-10 23:50:41,237:    |
epoch: 17
2019-01-10 23:50:41,237:    |train@ loss: 0.0046, acc: 0.9946
2019-01-10 23:50:44,818:    |valid@ loss: 0.0385, acc: 0.9582
2019-01-10 23:50:44,818:    |valid num: 3900
2019-01-10 23:50:44,818:    |timec@ 17: 27.3934s
2019-01-10 23:50:44,818:    |params/restartVGG110.001-0.0005-4-0.5-17-0.005-0.039.pkl
2019-01-10 23:51:09,221:    |
epoch: 18
2019-01-10 23:51:09,221:    |train@ loss: 0.0026, acc: 0.9974
2019-01-10 23:51:13,021:    |valid@ loss: 0.0459, acc: 0.9503
2019-01-10 23:51:13,021:    |valid num: 3900
2019-01-10 23:51:13,021:    |timec@ 18: 28.1734s
2019-01-10 23:51:36,688:    |
epoch: 19
2019-01-10 23:51:36,688:    |train@ loss: 0.0028, acc: 0.9967
2019-01-10 23:51:40,563:    |valid@ loss: 0.0476, acc: 0.9500
2019-01-10 23:51:40,563:    |valid num: 3900
2019-01-10 23:51:40,563:    |timec@ 19: 27.5420s
2019-01-10 23:52:04,250:    |
epoch: 20
2019-01-10 23:52:04,250:    |train@ loss: 0.0019, acc: 0.9985
2019-01-10 23:52:07,912:    |valid@ loss: 0.0794, acc: 0.9203
2019-01-10 23:52:07,912:    |valid num: 3900
2019-01-10 23:52:07,912:    |timec@ 20: 27.3494s
2019-01-10 23:52:32,735:    |
epoch: 21
2019-01-10 23:52:32,735:    |train@ loss: 0.0137, acc: 0.9810
2019-01-10 23:52:36,955:    |valid@ loss: 0.0663, acc: 0.9274
2019-01-10 23:52:36,955:    |valid num: 3900
2019-01-10 23:52:36,955:    |timec@ 21: 29.0429s
2019-01-10 23:53:03,726:    |
epoch: 22
2019-01-10 23:53:03,726:    |train@ loss: 0.0097, acc: 0.9890
2019-01-10 23:53:07,976:    |valid@ loss: 0.0467, acc: 0.9500
2019-01-10 23:53:07,976:    |valid num: 3900
2019-01-10 23:53:07,976:    |timec@ 22: 31.0209s
2019-01-10 23:53:31,460:    |
epoch: 23
2019-01-10 23:53:31,460:    |train@ loss: 0.0036, acc: 0.9954
2019-01-10 23:53:35,324:    |valid@ loss: 0.0448, acc: 0.9521
2019-01-10 23:53:35,324:    |valid num: 3900
2019-01-10 23:53:35,324:    |timec@ 23: 27.3474s
2019-01-10 23:53:59,720:    |
epoch: 24
2019-01-10 23:53:59,720:    |train@ loss: 0.0009, acc: 0.9992
2019-01-10 23:54:03,594:    |valid@ loss: 0.0387, acc: 0.9574
2019-01-10 23:54:03,594:    |valid num: 3900
2019-01-10 23:54:03,594:    |timec@ 24: 28.2705s
2019-01-10 23:54:28,277:    |
epoch: 25
2019-01-10 23:54:28,277:    |train@ loss: 0.0001, acc: 1.0000
2019-01-10 23:54:32,070:    |valid@ loss: 0.0383, acc: 0.9590
2019-01-10 23:54:32,071:    |valid num: 3900
2019-01-10 23:54:32,071:    |timec@ 25: 28.4771s
2019-01-10 23:54:32,071:    |params/restartVGG110.001-0.0005-4-0.5-25-0.000-0.038.pkl
2019-01-10 23:54:57,847:    |
epoch: 26
2019-01-10 23:54:57,847:    |train@ loss: 0.0001, acc: 1.0000
2019-01-10 23:55:02,583:    |valid@ loss: 0.0370, acc: 0.9592
2019-01-10 23:55:02,583:    |valid num: 3900
2019-01-10 23:55:02,583:    |timec@ 26: 30.4821s
2019-01-10 23:55:02,583:    |params/restartVGG110.001-0.0005-4-0.5-26-0.000-0.037.pkl
2019-01-10 23:55:26,991:    |
epoch: 27
2019-01-10 23:55:26,991:    |train@ loss: 0.0001, acc: 1.0000
2019-01-10 23:55:30,485:    |valid@ loss: 0.0362, acc: 0.9603
2019-01-10 23:55:30,485:    |valid num: 3900
2019-01-10 23:55:30,485:    |timec@ 27: 27.8710s
2019-01-10 23:55:30,485:    |params/restartVGG110.001-0.0005-4-0.5-27-0.000-0.036.pkl
2019-01-10 23:55:55,260:    |
epoch: 28
2019-01-10 23:55:55,260:    |train@ loss: 0.0001, acc: 1.0000
2019-01-10 23:55:59,289:    |valid@ loss: 0.0371, acc: 0.9613
2019-01-10 23:55:59,289:    |valid num: 3900
2019-01-10 23:55:59,289:    |timec@ 28: 28.7731s
2019-01-10 23:56:25,915:    |
epoch: 29
2019-01-10 23:56:25,915:    |train@ loss: 0.0001, acc: 1.0000
2019-01-10 23:56:29,852:    |valid@ loss: 0.0364, acc: 0.9613
2019-01-10 23:56:29,852:    |valid num: 3900
2019-01-10 23:56:29,852:    |timec@ 29: 30.5633s
2019-01-10 23:56:52,238:    |
epoch: 30
2019-01-10 23:56:52,238:    |train@ loss: 0.0001, acc: 1.0000
2019-01-10 23:56:56,345:    |valid@ loss: 0.0356, acc: 0.9608
2019-01-10 23:56:56,345:    |valid num: 3900
2019-01-10 23:56:56,345:    |timec@ 30: 26.4930s
2019-01-10 23:56:56,345:    |params/restartVGG110.001-0.0005-4-0.5-30-0.000-0.036.pkl
2019-01-10 23:57:21,584:    |
epoch: 31
2019-01-10 23:57:21,584:    |train@ loss: 0.0001, acc: 1.0000
2019-01-10 23:57:25,457:    |valid@ loss: 0.0357, acc: 0.9603
2019-01-10 23:57:25,457:    |valid num: 3900
2019-01-10 23:57:25,457:    |timec@ 31: 29.0813s
2019-01-10 23:57:46,707:    |
epoch: 32
2019-01-10 23:57:46,707:    |train@ loss: 0.0001, acc: 1.0000
2019-01-10 23:57:49,486:    |valid@ loss: 0.0355, acc: 0.9605
2019-01-10 23:57:49,486:    |valid num: 3900
2019-01-10 23:57:49,486:    |timec@ 32: 24.0291s
2019-01-10 23:57:49,486:    |params/restartVGG110.001-0.0005-4-0.5-32-0.000-0.036.pkl
2019-01-10 23:58:08,623:    |
epoch: 33
2019-01-10 23:58:08,623:    |train@ loss: 0.0001, acc: 1.0000
2019-01-10 23:58:12,197:    |valid@ loss: 0.0352, acc: 0.9608
2019-01-10 23:58:12,197:    |valid num: 3900
2019-01-10 23:58:12,197:    |timec@ 33: 22.6815s
2019-01-10 23:58:12,197:    |params/restartVGG110.001-0.0005-4-0.5-33-0.000-0.035.pkl
2019-01-10 23:58:37,146:    |
epoch: 34
2019-01-10 23:58:37,146:    |train@ loss: 0.0001, acc: 1.0000
2019-01-10 23:58:41,390:    |valid@ loss: 0.0352, acc: 0.9608
2019-01-10 23:58:41,390:    |valid num: 3900
2019-01-10 23:58:41,390:    |timec@ 34: 29.1607s
2019-01-10 23:58:41,391:    |params/restartVGG110.001-0.0005-4-0.5-34-0.000-0.035.pkl
2019-01-10 23:59:06,852:    |
epoch: 35
2019-01-10 23:59:06,852:    |train@ loss: 0.0001, acc: 1.0000
2019-01-10 23:59:10,514:    |valid@ loss: 0.0349, acc: 0.9613
2019-01-10 23:59:10,514:    |valid num: 3900
2019-01-10 23:59:10,514:    |timec@ 35: 29.0945s
2019-01-10 23:59:10,514:    |params/restartVGG110.001-0.0005-4-0.5-35-0.000-0.035.pkl
2019-01-10 23:59:35,141:    |
epoch: 36
2019-01-10 23:59:35,141:    |train@ loss: 0.0001, acc: 1.0000
2019-01-10 23:59:38,807:    |valid@ loss: 0.0345, acc: 0.9608
2019-01-10 23:59:38,807:    |valid num: 3900
2019-01-10 23:59:38,807:    |timec@ 36: 28.2620s
2019-01-10 23:59:38,807:    |params/restartVGG110.001-0.0005-4-0.5-36-0.000-0.034.pkl
2019-01-11 00:00:01,533:    |
epoch: 37
2019-01-11 00:00:01,533:    |train@ loss: 0.0001, acc: 1.0000
2019-01-11 00:00:05,477:    |valid@ loss: 0.0346, acc: 0.9613
2019-01-11 00:00:05,477:    |valid num: 3900
2019-01-11 00:00:05,477:    |timec@ 37: 26.6392s
2019-01-11 00:00:31,065:    |
epoch: 38
2019-01-11 00:00:31,065:    |train@ loss: 0.0001, acc: 1.0000
2019-01-11 00:00:34,758:    |valid@ loss: 0.0341, acc: 0.9608
2019-01-11 00:00:34,758:    |valid num: 3900
2019-01-11 00:00:34,758:    |timec@ 38: 29.2811s
2019-01-11 00:00:34,758:    |params/restartVGG110.001-0.0005-4-0.5-38-0.000-0.034.pkl
2019-01-11 00:00:57,858:    |
epoch: 39
2019-01-11 00:00:57,858:    |train@ loss: 0.0001, acc: 1.0000
2019-01-11 00:01:01,458:    |valid@ loss: 0.0343, acc: 0.9613
2019-01-11 00:01:01,458:    |valid num: 3900
2019-01-11 00:01:01,458:    |timec@ 39: 26.6685s
2019-01-11 00:01:25,736:    |
epoch: 40
2019-01-11 00:01:25,736:    |train@ loss: 0.0001, acc: 1.0000
2019-01-11 00:01:29,828:    |valid@ loss: 0.0325, acc: 0.9623
2019-01-11 00:01:29,829:    |valid num: 3900
2019-01-11 00:01:29,829:    |timec@ 40: 28.3717s
2019-01-11 00:01:29,829:    |params/restartVGG110.001-0.0005-4-0.5-40-0.000-0.033.pkl
2019-01-11 00:01:54,974:    |
epoch: 41
2019-01-11 00:01:54,974:    |train@ loss: 0.0001, acc: 1.0000
2019-01-11 00:01:58,965:    |valid@ loss: 0.0330, acc: 0.9621
2019-01-11 00:01:58,966:    |valid num: 3900
2019-01-11 00:01:58,966:    |timec@ 41: 29.1061s
2019-01-11 00:02:23,007:    |
epoch: 42
2019-01-11 00:02:23,007:    |train@ loss: 0.0001, acc: 1.0000
2019-01-11 00:02:25,864:    |valid@ loss: 0.0322, acc: 0.9636
2019-01-11 00:02:25,864:    |valid num: 3900
2019-01-11 00:02:25,864:    |timec@ 42: 26.8972s
2019-01-11 00:02:25,864:    |params/restartVGG110.001-0.0005-4-0.5-42-0.000-0.032.pkl
2019-01-11 00:02:45,023:    |
epoch: 43
2019-01-11 00:02:45,023:    |train@ loss: 0.0001, acc: 1.0000
2019-01-11 00:02:47,793:    |valid@ loss: 0.0321, acc: 0.9610
2019-01-11 00:02:47,793:    |valid num: 3900
2019-01-11 00:02:47,793:    |timec@ 43: 21.8990s
2019-01-11 00:02:47,793:    |params/restartVGG110.001-0.0005-4-0.5-43-0.000-0.032.pkl
2019-01-11 00:03:06,447:    |
epoch: 44
2019-01-11 00:03:06,447:    |train@ loss: 0.0001, acc: 1.0000
2019-01-11 00:03:09,253:    |valid@ loss: 0.0317, acc: 0.9641
2019-01-11 00:03:09,253:    |valid num: 3900
2019-01-11 00:03:09,253:    |timec@ 44: 21.4308s
2019-01-11 00:03:09,253:    |params/restartVGG110.001-0.0005-4-0.5-44-0.000-0.032.pkl
2019-01-11 00:03:28,461:    |
epoch: 45
2019-01-11 00:03:28,462:    |train@ loss: 0.0001, acc: 1.0000
2019-01-11 00:03:31,296:    |valid@ loss: 0.0311, acc: 0.9631
2019-01-11 00:03:31,296:    |valid num: 3900
2019-01-11 00:03:31,296:    |timec@ 45: 22.0141s
2019-01-11 00:03:31,296:    |params/restartVGG110.001-0.0005-4-0.5-45-0.000-0.031.pkl
2019-01-11 00:03:49,650:    |
epoch: 46
2019-01-11 00:03:49,651:    |train@ loss: 0.0001, acc: 1.0000
2019-01-11 00:03:52,403:    |valid@ loss: 0.0311, acc: 0.9649
2019-01-11 00:03:52,403:    |valid num: 3900
2019-01-11 00:03:52,403:    |timec@ 46: 21.0773s
2019-01-11 00:04:10,528:    |
epoch: 47
2019-01-11 00:04:10,528:    |train@ loss: 0.0001, acc: 1.0000
2019-01-11 00:04:13,145:    |valid@ loss: 0.0316, acc: 0.9646
2019-01-11 00:04:13,145:    |valid num: 3900
2019-01-11 00:04:13,145:    |timec@ 47: 20.7426s
2019-01-11 00:04:30,588:    |
epoch: 48
2019-01-11 00:04:30,588:    |train@ loss: 0.0001, acc: 1.0000
2019-01-11 00:04:33,265:    |valid@ loss: 0.0301, acc: 0.9651
2019-01-11 00:04:33,265:    |valid num: 3900
2019-01-11 00:04:33,265:    |timec@ 48: 20.1197s
2019-01-11 00:04:33,265:    |params/restartVGG110.001-0.0005-4-0.5-48-0.000-0.030.pkl
2019-01-11 00:04:50,874:    |
epoch: 49
2019-01-11 00:04:50,874:    |train@ loss: 0.0187, acc: 0.9803
2019-01-11 00:04:53,499:    |valid@ loss: 0.0816, acc: 0.9097
2019-01-11 00:04:53,499:    |valid num: 3900
2019-01-11 00:04:53,499:    |timec@ 49: 20.2033s
