2019-01-11 00:27:39,357:    |cuda
2019-01-11 00:27:41,554:    |lr1e-05_wd1.0_bs4_vs0.1
2019-01-11 00:28:14,216:    |
epoch: 0
2019-01-11 00:28:14,216:    |train@ loss: 0.5699, acc: 0.3285
2019-01-11 00:28:14,736:    |valid@ loss: 0.4675, acc: 0.6051
2019-01-11 00:28:14,736:    |valid num: 780
2019-01-11 00:28:14,736:    |timec@ 0: 32.9182s
2019-01-11 00:28:46,238:    |
epoch: 1
2019-01-11 00:28:46,238:    |train@ loss: 0.2711, acc: 0.8226
2019-01-11 00:28:46,763:    |valid@ loss: 0.1205, acc: 0.9167
2019-01-11 00:28:46,763:    |valid num: 780
2019-01-11 00:28:46,763:    |timec@ 1: 32.0270s
2019-01-11 00:29:18,365:    |
epoch: 2
2019-01-11 00:29:18,365:    |train@ loss: 0.0864, acc: 0.9442
2019-01-11 00:29:18,884:    |valid@ loss: 0.0675, acc: 0.9577
2019-01-11 00:29:18,884:    |valid num: 780
2019-01-11 00:29:18,884:    |timec@ 2: 32.1209s
2019-01-11 00:29:18,884:    |params/smlrbgwdVGG11lr1e-05_wd1.0_bs4_vs0.1-2-0.086-0.067.pkl
2019-01-11 00:29:50,530:    |
epoch: 3
2019-01-11 00:29:50,530:    |train@ loss: 0.0501, acc: 0.9660
2019-01-11 00:29:51,059:    |valid@ loss: 0.0596, acc: 0.9526
2019-01-11 00:29:51,060:    |valid num: 780
2019-01-11 00:29:51,060:    |timec@ 3: 32.1464s
2019-01-11 00:29:51,060:    |params/smlrbgwdVGG11lr1e-05_wd1.0_bs4_vs0.1-3-0.050-0.060.pkl
2019-01-11 00:30:22,596:    |
epoch: 4
2019-01-11 00:30:22,596:    |train@ loss: 0.0352, acc: 0.9809
2019-01-11 00:30:23,131:    |valid@ loss: 0.0514, acc: 0.9577
2019-01-11 00:30:23,131:    |valid num: 780
2019-01-11 00:30:23,132:    |timec@ 4: 32.0420s
2019-01-11 00:30:23,132:    |params/smlrbgwdVGG11lr1e-05_wd1.0_bs4_vs0.1-4-0.035-0.051.pkl
