2019-01-11 00:15:25,262:    |cuda
2019-01-11 00:15:27,484:    |1e-05-0.1-4-0.5
2019-01-11 00:15:37,996:    |cuda
2019-01-11 00:15:40,204:    |1e-05-0.1-4-0.5
2019-01-11 00:15:58,613:    |
epoch: 0
2019-01-11 00:15:58,613:    |train@ loss: 0.5489, acc: 0.3954
2019-01-11 00:16:01,207:    |valid@ loss: 0.4297, acc: 0.6713
2019-01-11 00:16:01,207:    |valid num: 3900
2019-01-11 00:16:01,207:    |timec@ 0: 20.7382s
2019-01-11 00:16:18,653:    |
epoch: 1
2019-01-11 00:16:18,653:    |train@ loss: 0.2950, acc: 0.8300
2019-01-11 00:16:21,234:    |valid@ loss: 0.1772, acc: 0.8854
2019-01-11 00:16:21,235:    |valid num: 3900
2019-01-11 00:16:21,235:    |timec@ 1: 20.0286s
2019-01-11 00:16:38,640:    |
epoch: 2
2019-01-11 00:16:38,640:    |train@ loss: 0.1146, acc: 0.9326
2019-01-11 00:16:41,200:    |valid@ loss: 0.0944, acc: 0.9300
2019-01-11 00:16:41,200:    |valid num: 3900
2019-01-11 00:16:41,200:    |timec@ 2: 19.9650s
2019-01-11 00:16:58,602:    |
epoch: 3
2019-01-11 00:16:58,602:    |train@ loss: 0.0537, acc: 0.9685
2019-01-11 00:17:01,193:    |valid@ loss: 0.0671, acc: 0.9390
2019-01-11 00:17:01,193:    |valid num: 3900
2019-01-11 00:17:01,193:    |timec@ 3: 19.9926s
2019-01-11 00:17:01,193:    |params/smlrVGG111e-05-0.1-4-0.5-3-0.054-0.067.pkl
2019-01-11 00:17:18,838:    |
epoch: 4
2019-01-11 00:17:18,838:    |train@ loss: 0.0263, acc: 0.9910
2019-01-11 00:17:21,444:    |valid@ loss: 0.0551, acc: 0.9433
2019-01-11 00:17:21,444:    |valid num: 3900
2019-01-11 00:17:21,444:    |timec@ 4: 20.2205s
2019-01-11 00:17:21,444:    |params/smlrVGG111e-05-0.1-4-0.5-4-0.026-0.055.pkl
2019-01-11 00:17:39,314:    |
epoch: 5
2019-01-11 00:17:39,315:    |train@ loss: 0.0138, acc: 0.9972
2019-01-11 00:17:41,927:    |valid@ loss: 0.0494, acc: 0.9510
2019-01-11 00:17:41,927:    |valid num: 3900
2019-01-11 00:17:41,927:    |timec@ 5: 20.4517s
2019-01-11 00:17:41,927:    |params/smlrVGG111e-05-0.1-4-0.5-5-0.014-0.049.pkl
2019-01-11 00:17:59,823:    |
epoch: 6
2019-01-11 00:17:59,823:    |train@ loss: 0.0084, acc: 1.0000
2019-01-11 00:18:02,417:    |valid@ loss: 0.0462, acc: 0.9562
2019-01-11 00:18:02,417:    |valid num: 3900
2019-01-11 00:18:02,417:    |timec@ 6: 20.4591s
2019-01-11 00:18:02,417:    |params/smlrVGG111e-05-0.1-4-0.5-6-0.008-0.046.pkl
2019-01-11 00:18:20,099:    |
epoch: 7
2019-01-11 00:18:20,099:    |train@ loss: 0.0055, acc: 1.0000
2019-01-11 00:18:22,700:    |valid@ loss: 0.0447, acc: 0.9538
2019-01-11 00:18:22,701:    |valid num: 3900
2019-01-11 00:18:22,701:    |timec@ 7: 20.2538s
2019-01-11 00:18:22,701:    |params/smlrVGG111e-05-0.1-4-0.5-7-0.006-0.045.pkl
2019-01-11 00:18:40,342:    |
epoch: 8
2019-01-11 00:18:40,342:    |train@ loss: 0.0049, acc: 0.9995
2019-01-11 00:18:42,934:    |valid@ loss: 0.0428, acc: 0.9536
2019-01-11 00:18:42,934:    |valid num: 3900
2019-01-11 00:18:42,934:    |timec@ 8: 20.2046s
2019-01-11 00:18:42,934:    |params/smlrVGG111e-05-0.1-4-0.5-8-0.005-0.043.pkl
2019-01-11 00:19:00,725:    |
epoch: 9
2019-01-11 00:19:00,726:    |train@ loss: 0.0034, acc: 0.9997
2019-01-11 00:19:03,452:    |valid@ loss: 0.0408, acc: 0.9549
2019-01-11 00:19:03,452:    |valid num: 3900
2019-01-11 00:19:03,452:    |timec@ 9: 20.4880s
2019-01-11 00:19:03,452:    |params/smlrVGG111e-05-0.1-4-0.5-9-0.003-0.041.pkl
2019-01-11 00:19:21,091:    |
epoch: 10
2019-01-11 00:19:21,091:    |train@ loss: 0.0031, acc: 1.0000
2019-01-11 00:19:23,692:    |valid@ loss: 0.0423, acc: 0.9536
2019-01-11 00:19:23,692:    |valid num: 3900
2019-01-11 00:19:23,692:    |timec@ 10: 20.2094s
2019-01-11 00:19:41,372:    |
epoch: 11
2019-01-11 00:19:41,372:    |train@ loss: 0.0053, acc: 0.9962
2019-01-11 00:19:44,016:    |valid@ loss: 0.0531, acc: 0.9449
2019-01-11 00:19:44,016:    |valid num: 3900
2019-01-11 00:19:44,016:    |timec@ 11: 20.3239s
2019-01-11 00:20:01,577:    |
epoch: 12
2019-01-11 00:20:01,577:    |train@ loss: 0.0035, acc: 0.9985
2019-01-11 00:20:04,162:    |valid@ loss: 0.0436, acc: 0.9533
2019-01-11 00:20:04,162:    |valid num: 3900
2019-01-11 00:20:04,162:    |timec@ 12: 20.1467s
2019-01-11 00:20:21,789:    |
epoch: 13
2019-01-11 00:20:21,790:    |train@ loss: 0.0029, acc: 0.9987
2019-01-11 00:20:24,416:    |valid@ loss: 0.0436, acc: 0.9536
2019-01-11 00:20:24,416:    |valid num: 3900
2019-01-11 00:20:24,416:    |timec@ 13: 20.2523s
2019-01-11 00:20:42,184:    |
epoch: 14
2019-01-11 00:20:42,184:    |train@ loss: 0.0014, acc: 1.0000
2019-01-11 00:20:44,808:    |valid@ loss: 0.0379, acc: 0.9569
2019-01-11 00:20:44,808:    |valid num: 3900
2019-01-11 00:20:44,808:    |timec@ 14: 20.3925s
2019-01-11 00:20:44,808:    |params/smlrVGG111e-05-0.1-4-0.5-14-0.001-0.038.pkl
2019-01-11 00:21:02,559:    |
epoch: 15
2019-01-11 00:21:02,559:    |train@ loss: 0.0048, acc: 0.9972
2019-01-11 00:21:05,155:    |valid@ loss: 0.0634, acc: 0.9310
2019-01-11 00:21:05,155:    |valid num: 3900
2019-01-11 00:21:05,155:    |timec@ 15: 20.3176s
2019-01-11 00:21:23,003:    |
epoch: 16
2019-01-11 00:21:23,003:    |train@ loss: 0.0027, acc: 0.9987
2019-01-11 00:21:25,648:    |valid@ loss: 0.0393, acc: 0.9554
2019-01-11 00:21:25,649:    |valid num: 3900
2019-01-11 00:21:25,649:    |timec@ 16: 20.4938s
2019-01-11 00:21:43,576:    |
epoch: 17
2019-01-11 00:21:43,577:    |train@ loss: 0.0022, acc: 0.9982
2019-01-11 00:21:46,176:    |valid@ loss: 0.0475, acc: 0.9515
2019-01-11 00:21:46,176:    |valid num: 3900
2019-01-11 00:21:46,176:    |timec@ 17: 20.5270s
2019-01-11 00:22:03,791:    |
epoch: 18
2019-01-11 00:22:03,791:    |train@ loss: 0.0040, acc: 0.9969
2019-01-11 00:22:06,396:    |valid@ loss: 0.0831, acc: 0.9064
2019-01-11 00:22:06,396:    |valid num: 3900
2019-01-11 00:22:06,396:    |timec@ 18: 20.2198s
2019-01-11 00:22:23,972:    |
epoch: 19
2019-01-11 00:22:23,972:    |train@ loss: 0.0058, acc: 0.9954
2019-01-11 00:22:26,576:    |valid@ loss: 0.0534, acc: 0.9436
2019-01-11 00:22:26,576:    |valid num: 3900
2019-01-11 00:22:26,576:    |timec@ 19: 20.1800s
2019-01-11 00:22:44,227:    |
epoch: 20
2019-01-11 00:22:44,227:    |train@ loss: 0.0033, acc: 0.9977
2019-01-11 00:22:46,888:    |valid@ loss: 0.0398, acc: 0.9523
2019-01-11 00:22:46,888:    |valid num: 3900
2019-01-11 00:22:46,888:    |timec@ 20: 20.3119s
2019-01-11 00:23:04,701:    |
epoch: 21
2019-01-11 00:23:04,701:    |train@ loss: 0.0019, acc: 0.9990
2019-01-11 00:23:07,316:    |valid@ loss: 0.0350, acc: 0.9605
2019-01-11 00:23:07,316:    |valid num: 3900
2019-01-11 00:23:07,316:    |timec@ 21: 20.4283s
2019-01-11 00:23:07,316:    |params/smlrVGG111e-05-0.1-4-0.5-21-0.002-0.035.pkl
2019-01-11 00:23:24,967:    |
epoch: 22
2019-01-11 00:23:24,967:    |train@ loss: 0.0009, acc: 1.0000
2019-01-11 00:23:27,613:    |valid@ loss: 0.0320, acc: 0.9644
2019-01-11 00:23:27,614:    |valid num: 3900
2019-01-11 00:23:27,614:    |timec@ 22: 20.2699s
2019-01-11 00:23:27,614:    |params/smlrVGG111e-05-0.1-4-0.5-22-0.001-0.032.pkl
2019-01-11 00:23:45,287:    |
epoch: 23
2019-01-11 00:23:45,287:    |train@ loss: 0.0008, acc: 1.0000
2019-01-11 00:23:47,967:    |valid@ loss: 0.0313, acc: 0.9651
2019-01-11 00:23:47,967:    |valid num: 3900
2019-01-11 00:23:47,967:    |timec@ 23: 20.3221s
2019-01-11 00:23:47,968:    |params/smlrVGG111e-05-0.1-4-0.5-23-0.001-0.031.pkl
2019-01-11 00:24:05,927:    |
epoch: 24
2019-01-11 00:24:05,927:    |train@ loss: 0.0009, acc: 1.0000
2019-01-11 00:24:08,545:    |valid@ loss: 0.0306, acc: 0.9654
2019-01-11 00:24:08,545:    |valid num: 3900
2019-01-11 00:24:08,545:    |timec@ 24: 20.5445s
2019-01-11 00:24:08,545:    |params/smlrVGG111e-05-0.1-4-0.5-24-0.001-0.031.pkl
2019-01-11 00:24:26,338:    |
epoch: 25
2019-01-11 00:24:26,339:    |train@ loss: 0.0010, acc: 1.0000
2019-01-11 00:24:28,973:    |valid@ loss: 0.0315, acc: 0.9633
2019-01-11 00:24:28,973:    |valid num: 3900
2019-01-11 00:24:28,973:    |timec@ 25: 20.3985s
2019-01-11 00:24:46,618:    |
epoch: 26
2019-01-11 00:24:46,618:    |train@ loss: 0.0010, acc: 1.0000
2019-01-11 00:24:49,270:    |valid@ loss: 0.0294, acc: 0.9664
2019-01-11 00:24:49,270:    |valid num: 3900
2019-01-11 00:24:49,270:    |timec@ 26: 20.2967s
2019-01-11 00:24:49,270:    |params/smlrVGG111e-05-0.1-4-0.5-26-0.001-0.029.pkl
2019-01-11 00:25:06,904:    |
epoch: 27
2019-01-11 00:25:06,904:    |train@ loss: 0.0012, acc: 1.0000
2019-01-11 00:25:09,511:    |valid@ loss: 0.0292, acc: 0.9674
2019-01-11 00:25:09,511:    |valid num: 3900
2019-01-11 00:25:09,511:    |timec@ 27: 20.2127s
2019-01-11 00:25:09,511:    |params/smlrVGG111e-05-0.1-4-0.5-27-0.001-0.029.pkl
2019-01-11 00:25:27,490:    |
epoch: 28
2019-01-11 00:25:27,490:    |train@ loss: 0.0013, acc: 1.0000
2019-01-11 00:25:30,159:    |valid@ loss: 0.0304, acc: 0.9672
2019-01-11 00:25:30,159:    |valid num: 3900
2019-01-11 00:25:30,159:    |timec@ 28: 20.6183s
2019-01-11 00:25:47,829:    |
epoch: 29
2019-01-11 00:25:47,829:    |train@ loss: 0.0014, acc: 1.0000
2019-01-11 00:25:50,486:    |valid@ loss: 0.0286, acc: 0.9700
2019-01-11 00:25:50,486:    |valid num: 3900
2019-01-11 00:25:50,486:    |timec@ 29: 20.3272s
2019-01-11 00:25:50,486:    |params/smlrVGG111e-05-0.1-4-0.5-29-0.001-0.029.pkl
