2019-01-12 22:52:20,718:    |cuda
2019-01-12 22:52:22,020:    |TS-VGG11lr5e-06_wd1.0_bs4_vs0.1
2019-01-12 22:53:02,620:    |
epoch: 0
2019-01-12 22:53:02,620:    |train@ loss: 0.6406, acc: 0.0925
2019-01-12 22:53:03,238:    |valid@ loss: 0.6256, acc: 0.0949
2019-01-12 22:53:03,238:    |valid num: 780
2019-01-12 22:53:03,238:    |timec@ 0: 40.9443s
2019-01-12 22:53:42,500:    |
epoch: 1
2019-01-12 22:53:42,500:    |train@ loss: 0.6284, acc: 0.0991
2019-01-12 22:53:43,101:    |valid@ loss: 0.6300, acc: 0.0949
2019-01-12 22:53:43,101:    |valid num: 780
2019-01-12 22:53:43,101:    |timec@ 1: 39.8633s
2019-01-12 22:54:22,118:    |
epoch: 2
2019-01-12 22:54:22,118:    |train@ loss: 0.6219, acc: 0.1091
2019-01-12 22:54:22,746:    |valid@ loss: 0.6317, acc: 0.0949
2019-01-12 22:54:22,746:    |valid num: 780
2019-01-12 22:54:22,746:    |timec@ 2: 39.6453s
2019-01-12 22:55:01,966:    |
epoch: 3
2019-01-12 22:55:01,966:    |train@ loss: 0.6132, acc: 0.1271
2019-01-12 22:55:02,587:    |valid@ loss: 0.6304, acc: 0.0949
2019-01-12 22:55:02,587:    |valid num: 780
2019-01-12 22:55:02,587:    |timec@ 3: 39.8405s
2019-01-12 22:55:41,426:    |
epoch: 4
2019-01-12 22:55:41,426:    |train@ loss: 0.5940, acc: 0.1677
2019-01-12 22:55:42,049:    |valid@ loss: 0.6271, acc: 0.0962
2019-01-12 22:55:42,049:    |valid num: 780
2019-01-12 22:55:42,049:    |timec@ 4: 39.4622s
2019-01-12 22:56:22,091:    |
epoch: 5
2019-01-12 22:56:22,091:    |train@ loss: 0.5561, acc: 0.2594
2019-01-12 22:56:22,733:    |valid@ loss: 0.6222, acc: 0.1064
2019-01-12 22:56:22,733:    |valid num: 780
2019-01-12 22:56:22,733:    |timec@ 5: 40.6842s
2019-01-12 22:57:02,448:    |
epoch: 6
2019-01-12 22:57:02,448:    |train@ loss: 0.4989, acc: 0.3759
2019-01-12 22:57:03,064:    |valid@ loss: 0.5906, acc: 0.1859
2019-01-12 22:57:03,064:    |valid num: 780
2019-01-12 22:57:03,064:    |timec@ 6: 40.3309s
2019-01-12 22:57:42,670:    |
epoch: 7
2019-01-12 22:57:42,670:    |train@ loss: 0.4375, acc: 0.4896
2019-01-12 22:57:43,298:    |valid@ loss: 0.5184, acc: 0.3385
2019-01-12 22:57:43,298:    |valid num: 780
2019-01-12 22:57:43,298:    |timec@ 7: 40.2334s
2019-01-12 22:58:27,049:    |
epoch: 8
2019-01-12 22:58:27,050:    |train@ loss: 0.3696, acc: 0.6104
2019-01-12 22:58:27,910:    |valid@ loss: 0.4036, acc: 0.4897
2019-01-12 22:58:27,910:    |valid num: 780
2019-01-12 22:58:27,910:    |timec@ 8: 44.6120s
2019-01-12 22:59:11,779:    |
epoch: 9
2019-01-12 22:59:11,779:    |train@ loss: 0.2938, acc: 0.7286
2019-01-12 22:59:12,540:    |valid@ loss: 0.2679, acc: 0.7487
2019-01-12 22:59:12,540:    |valid num: 780
2019-01-12 22:59:12,540:    |timec@ 9: 44.6299s
2019-01-12 22:59:57,063:    |
epoch: 10
2019-01-12 22:59:57,063:    |train@ loss: 0.2274, acc: 0.8051
2019-01-12 22:59:57,836:    |valid@ loss: 0.1831, acc: 0.8474
2019-01-12 22:59:57,836:    |valid num: 780
2019-01-12 22:59:57,836:    |timec@ 10: 45.2949s
2019-01-12 23:00:44,584:    |
epoch: 11
2019-01-12 23:00:44,584:    |train@ loss: 0.1794, acc: 0.8533
2019-01-12 23:00:45,446:    |valid@ loss: 0.1299, acc: 0.8859
2019-01-12 23:00:45,446:    |valid num: 780
2019-01-12 23:00:45,446:    |timec@ 11: 47.6104s
2019-01-12 23:01:32,057:    |
epoch: 12
2019-01-12 23:01:32,057:    |train@ loss: 0.1477, acc: 0.8902
2019-01-12 23:01:32,799:    |valid@ loss: 0.1185, acc: 0.9038
2019-01-12 23:01:32,799:    |valid num: 780
2019-01-12 23:01:32,799:    |timec@ 12: 47.3535s
2019-01-12 23:02:17,405:    |
epoch: 13
2019-01-12 23:02:17,405:    |train@ loss: 0.1268, acc: 0.9070
2019-01-12 23:02:18,141:    |valid@ loss: 0.0852, acc: 0.9205
2019-01-12 23:02:18,141:    |valid num: 780
2019-01-12 23:02:18,141:    |timec@ 13: 45.3411s
2019-01-12 23:02:18,141:    |params2/TS-VGG11lr5e-06_wd1.0_bs4_vs0.1-13-0.127-0.085.pkl
2019-01-12 23:03:11,332:    |
epoch: 14
2019-01-12 23:03:11,332:    |train@ loss: 0.1125, acc: 0.9171
2019-01-12 23:03:12,346:    |valid@ loss: 0.0779, acc: 0.9282
2019-01-12 23:03:12,346:    |valid num: 780
2019-01-12 23:03:12,346:    |timec@ 14: 54.1715s
2019-01-12 23:03:12,346:    |params2/TS-VGG11lr5e-06_wd1.0_bs4_vs0.1-14-0.112-0.078.pkl
2019-01-12 23:04:06,900:    |
epoch: 15
2019-01-12 23:04:06,900:    |train@ loss: 0.1019, acc: 0.9269
2019-01-12 23:04:07,698:    |valid@ loss: 0.0746, acc: 0.9308
2019-01-12 23:04:07,699:    |valid num: 780
2019-01-12 23:04:07,699:    |timec@ 15: 55.3222s
2019-01-12 23:04:07,699:    |params2/TS-VGG11lr5e-06_wd1.0_bs4_vs0.1-15-0.102-0.075.pkl
2019-01-12 23:04:53,743:    |
epoch: 16
2019-01-12 23:04:53,743:    |train@ loss: 0.0906, acc: 0.9405
2019-01-12 23:04:54,556:    |valid@ loss: 0.0589, acc: 0.9423
2019-01-12 23:04:54,556:    |valid num: 780
2019-01-12 23:04:54,556:    |timec@ 16: 46.8272s
2019-01-12 23:04:54,556:    |params2/TS-VGG11lr5e-06_wd1.0_bs4_vs0.1-16-0.091-0.059.pkl
2019-01-12 23:05:42,083:    |
epoch: 17
2019-01-12 23:05:42,083:    |train@ loss: 0.0854, acc: 0.9430
2019-01-12 23:05:42,899:    |valid@ loss: 0.0597, acc: 0.9449
2019-01-12 23:05:42,899:    |valid num: 780
2019-01-12 23:05:42,899:    |timec@ 17: 48.3127s
2019-01-12 23:06:30,594:    |
epoch: 18
2019-01-12 23:06:30,594:    |train@ loss: 0.0800, acc: 0.9484
2019-01-12 23:06:31,377:    |valid@ loss: 0.0554, acc: 0.9487
2019-01-12 23:06:31,378:    |valid num: 780
2019-01-12 23:06:31,378:    |timec@ 18: 48.4795s
2019-01-12 23:06:31,378:    |params2/TS-VGG11lr5e-06_wd1.0_bs4_vs0.1-18-0.080-0.055.pkl
2019-01-12 23:07:20,010:    |
epoch: 19
2019-01-12 23:07:20,010:    |train@ loss: 0.0748, acc: 0.9553
2019-01-12 23:07:20,820:    |valid@ loss: 0.0545, acc: 0.9526
2019-01-12 23:07:20,820:    |valid num: 780
2019-01-12 23:07:20,820:    |timec@ 19: 49.4103s
2019-01-12 23:07:20,820:    |params2/TS-VGG11lr5e-06_wd1.0_bs4_vs0.1-19-0.075-0.055.pkl
2019-01-12 23:07:26,160:    |TS-VGG11lr5e-06_wd1.0_bs4_vs0.1lr5e-06_wd1.0_bs4_vs0.1
2019-01-12 23:10:01,711:    |
epoch: 0
2019-01-12 23:10:01,711:    |train@ loss: 0.1107, acc: 0.9130
2019-01-12 23:10:02,510:    |valid@ loss: 0.0531, acc: 0.9538
2019-01-12 23:10:02,510:    |valid num: 780
2019-01-12 23:10:02,511:    |timec@ 0: 155.2354s
2019-01-12 23:10:02,511:    |params2/TS-VGG11lr5e-06_wd1.0_bs4_vs0.1lr5e-06_wd1.0_bs4_vs0.1-0-0.111-0.053.pkl
2019-01-12 23:12:37,872:    |
epoch: 1
2019-01-12 23:12:37,872:    |train@ loss: 0.1039, acc: 0.9234
2019-01-12 23:12:38,720:    |valid@ loss: 0.0523, acc: 0.9526
2019-01-12 23:12:38,720:    |valid num: 780
2019-01-12 23:12:38,720:    |timec@ 1: 156.1748s
2019-01-12 23:12:38,720:    |params2/TS-VGG11lr5e-06_wd1.0_bs4_vs0.1lr5e-06_wd1.0_bs4_vs0.1-1-0.104-0.052.pkl
2019-01-12 23:15:10,976:    |
epoch: 2
2019-01-12 23:15:10,976:    |train@ loss: 0.1019, acc: 0.9283
2019-01-12 23:15:11,745:    |valid@ loss: 0.0531, acc: 0.9513
2019-01-12 23:15:11,745:    |valid num: 780
2019-01-12 23:15:11,745:    |timec@ 2: 152.9942s
2019-01-12 23:17:47,270:    |
epoch: 3
2019-01-12 23:17:47,270:    |train@ loss: 0.1016, acc: 0.9309
2019-01-12 23:17:47,910:    |valid@ loss: 0.0484, acc: 0.9577
2019-01-12 23:17:47,910:    |valid num: 780
2019-01-12 23:17:47,910:    |timec@ 3: 156.1651s
2019-01-12 23:17:47,910:    |params2/TS-VGG11lr5e-06_wd1.0_bs4_vs0.1lr5e-06_wd1.0_bs4_vs0.1-3-0.102-0.048.pkl
2019-01-12 23:19:58,030:    |
epoch: 4
2019-01-12 23:19:58,030:    |train@ loss: 0.1021, acc: 0.9305
2019-01-12 23:19:58,663:    |valid@ loss: 0.0487, acc: 0.9603
2019-01-12 23:19:58,663:    |valid num: 780
2019-01-12 23:19:58,663:    |timec@ 4: 130.7237s
2019-01-12 23:22:06,494:    |
epoch: 5
2019-01-12 23:22:06,494:    |train@ loss: 0.1040, acc: 0.9324
2019-01-12 23:22:07,225:    |valid@ loss: 0.0469, acc: 0.9590
2019-01-12 23:22:07,225:    |valid num: 780
2019-01-12 23:22:07,225:    |timec@ 5: 128.5619s
2019-01-12 23:22:07,225:    |params2/TS-VGG11lr5e-06_wd1.0_bs4_vs0.1lr5e-06_wd1.0_bs4_vs0.1-5-0.104-0.047.pkl
2019-01-12 23:24:22,223:    |
epoch: 6
2019-01-12 23:24:22,223:    |train@ loss: 0.1050, acc: 0.9341
2019-01-12 23:24:23,007:    |valid@ loss: 0.0510, acc: 0.9667
2019-01-12 23:24:23,007:    |valid num: 780
2019-01-12 23:24:23,007:    |timec@ 6: 135.7518s
2019-01-12 23:26:50,609:    |
epoch: 7
2019-01-12 23:26:50,609:    |train@ loss: 0.1081, acc: 0.9305
2019-01-12 23:26:51,416:    |valid@ loss: 0.0490, acc: 0.9615
2019-01-12 23:26:51,416:    |valid num: 780
2019-01-12 23:26:51,416:    |timec@ 7: 148.4083s
2019-01-12 23:29:25,203:    |
epoch: 8
2019-01-12 23:29:25,203:    |train@ loss: 0.1109, acc: 0.9332
2019-01-12 23:29:26,013:    |valid@ loss: 0.0498, acc: 0.9615
2019-01-12 23:29:26,013:    |valid num: 780
2019-01-12 23:29:26,013:    |timec@ 8: 154.5977s
2019-01-12 23:31:55,414:    |
epoch: 9
2019-01-12 23:31:55,415:    |train@ loss: 0.1137, acc: 0.9336
2019-01-12 23:31:56,277:    |valid@ loss: 0.0509, acc: 0.9667
2019-01-12 23:31:56,277:    |valid num: 780
2019-01-12 23:31:56,278:    |timec@ 9: 150.2623s
2019-01-12 23:34:30,615:    |
epoch: 10
2019-01-12 23:34:30,615:    |train@ loss: 0.1163, acc: 0.9335
2019-01-12 23:34:31,432:    |valid@ loss: 0.0562, acc: 0.9628
2019-01-12 23:34:31,433:    |valid num: 780
2019-01-12 23:34:31,433:    |timec@ 10: 155.1558s
2019-01-12 23:37:07,083:    |
epoch: 11
2019-01-12 23:37:07,084:    |train@ loss: 0.1202, acc: 0.9308
2019-01-12 23:37:07,888:    |valid@ loss: 0.0552, acc: 0.9615
2019-01-12 23:37:07,888:    |valid num: 780
2019-01-12 23:37:07,888:    |timec@ 11: 156.4551s
2019-01-12 23:39:29,922:    |
epoch: 12
2019-01-12 23:39:29,922:    |train@ loss: 0.1239, acc: 0.9338
2019-01-12 23:39:30,586:    |valid@ loss: 0.0520, acc: 0.9641
2019-01-12 23:39:30,587:    |valid num: 780
2019-01-12 23:39:30,587:    |timec@ 12: 142.6988s
2019-01-12 23:41:37,764:    |
epoch: 13
2019-01-12 23:41:37,764:    |train@ loss: 0.1280, acc: 0.9325
2019-01-12 23:41:38,399:    |valid@ loss: 0.0594, acc: 0.9628
2019-01-12 23:41:38,399:    |valid num: 780
2019-01-12 23:41:38,399:    |timec@ 13: 127.8119s
2019-01-12 23:43:46,647:    |
epoch: 14
2019-01-12 23:43:46,648:    |train@ loss: 0.1324, acc: 0.9311
2019-01-12 23:43:47,452:    |valid@ loss: 0.0581, acc: 0.9603
2019-01-12 23:43:47,452:    |valid num: 780
2019-01-12 23:43:47,452:    |timec@ 14: 129.0530s
2019-01-12 23:46:14,415:    |
epoch: 15
2019-01-12 23:46:14,415:    |train@ loss: 0.1370, acc: 0.9324
2019-01-12 23:46:15,178:    |valid@ loss: 0.0645, acc: 0.9615
2019-01-12 23:46:15,178:    |valid num: 780
2019-01-12 23:46:15,178:    |timec@ 15: 147.7254s
2019-01-12 23:48:52,860:    |
epoch: 16
2019-01-12 23:48:52,860:    |train@ loss: 0.1414, acc: 0.9316
2019-01-12 23:48:53,715:    |valid@ loss: 0.0560, acc: 0.9654
2019-01-12 23:48:53,715:    |valid num: 780
2019-01-12 23:48:53,715:    |timec@ 16: 158.5372s
2019-01-12 23:51:31,731:    |
epoch: 17
2019-01-12 23:51:31,732:    |train@ loss: 0.1461, acc: 0.9318
2019-01-12 23:51:32,503:    |valid@ loss: 0.0619, acc: 0.9667
2019-01-12 23:51:32,504:    |valid num: 780
2019-01-12 23:51:32,504:    |timec@ 17: 158.7888s
2019-01-12 23:54:12,540:    |
epoch: 18
2019-01-12 23:54:12,540:    |train@ loss: 0.1520, acc: 0.9330
2019-01-12 23:54:13,386:    |valid@ loss: 0.0622, acc: 0.9628
2019-01-12 23:54:13,386:    |valid num: 780
2019-01-12 23:54:13,386:    |timec@ 18: 160.8818s
2019-01-12 23:56:49,926:    |
epoch: 19
2019-01-12 23:56:49,926:    |train@ loss: 0.1570, acc: 0.9317
2019-01-12 23:56:50,671:    |valid@ loss: 0.0697, acc: 0.9654
2019-01-12 23:56:50,671:    |valid num: 780
2019-01-12 23:56:50,671:    |timec@ 19: 157.2850s
