2019-01-13 10:11:37,891:    |cuda
2019-01-13 10:11:40,041:    |TS2-VGG11lr5e-06_wd1.0_bs4_vs0.1
2019-01-13 10:12:18,877:    |
epoch: 0
2019-01-13 10:12:18,877:    |train@ loss: 0.6411, acc: 0.0932
2019-01-13 10:12:19,492:    |valid@ loss: 0.6248, acc: 0.0897
2019-01-13 10:12:19,492:    |valid num: 780
2019-01-13 10:12:19,492:    |timec@ 0: 39.1602s
2019-01-13 10:12:56,043:    |
epoch: 1
2019-01-13 10:12:56,043:    |train@ loss: 0.6309, acc: 0.1033
2019-01-13 10:12:56,647:    |valid@ loss: 0.6312, acc: 0.0782
2019-01-13 10:12:56,647:    |valid num: 780
2019-01-13 10:12:56,648:    |timec@ 1: 37.1570s
2019-01-13 10:13:33,898:    |
epoch: 2
2019-01-13 10:13:33,898:    |train@ loss: 0.6202, acc: 0.1147
2019-01-13 10:13:34,490:    |valid@ loss: 0.6346, acc: 0.0782
2019-01-13 10:13:34,490:    |valid num: 780
2019-01-13 10:13:34,490:    |timec@ 2: 37.8412s
2019-01-13 10:14:12,444:    |
epoch: 3
2019-01-13 10:14:12,444:    |train@ loss: 0.6148, acc: 0.1279
2019-01-13 10:14:13,100:    |valid@ loss: 0.6326, acc: 0.0782
2019-01-13 10:14:13,100:    |valid num: 780
2019-01-13 10:14:13,100:    |timec@ 3: 38.6103s
2019-01-13 10:14:51,191:    |
epoch: 4
2019-01-13 10:14:51,191:    |train@ loss: 0.5960, acc: 0.1651
2019-01-13 10:14:51,803:    |valid@ loss: 0.6316, acc: 0.0782
2019-01-13 10:14:51,803:    |valid num: 780
2019-01-13 10:14:51,803:    |timec@ 4: 38.7028s
2019-01-13 10:15:29,731:    |
epoch: 5
2019-01-13 10:15:29,731:    |train@ loss: 0.5558, acc: 0.2553
2019-01-13 10:15:30,364:    |valid@ loss: 0.6241, acc: 0.0872
2019-01-13 10:15:30,364:    |valid num: 780
2019-01-13 10:15:30,364:    |timec@ 5: 38.5608s
2019-01-13 10:16:08,414:    |
epoch: 6
2019-01-13 10:16:08,414:    |train@ loss: 0.5017, acc: 0.3623
2019-01-13 10:16:09,019:    |valid@ loss: 0.5949, acc: 0.1551
2019-01-13 10:16:09,019:    |valid num: 780
2019-01-13 10:16:09,020:    |timec@ 6: 38.6562s
2019-01-13 10:16:49,619:    |
epoch: 7
2019-01-13 10:16:49,619:    |train@ loss: 0.4412, acc: 0.4826
2019-01-13 10:16:50,343:    |valid@ loss: 0.5215, acc: 0.2821
2019-01-13 10:16:50,343:    |valid num: 780
2019-01-13 10:16:50,343:    |timec@ 7: 41.3228s
2019-01-13 10:17:33,091:    |
epoch: 8
2019-01-13 10:17:33,091:    |train@ loss: 0.3765, acc: 0.5919
2019-01-13 10:17:33,899:    |valid@ loss: 0.4185, acc: 0.5103
2019-01-13 10:17:33,899:    |valid num: 780
2019-01-13 10:17:33,899:    |timec@ 8: 43.5560s
2019-01-13 10:18:18,117:    |
epoch: 9
2019-01-13 10:18:18,117:    |train@ loss: 0.3029, acc: 0.7128
2019-01-13 10:18:18,916:    |valid@ loss: 0.2642, acc: 0.7462
2019-01-13 10:18:18,917:    |valid num: 780
2019-01-13 10:18:18,917:    |timec@ 9: 45.0187s
2019-01-13 10:19:03,954:    |
epoch: 10
2019-01-13 10:19:03,954:    |train@ loss: 0.2325, acc: 0.7976
2019-01-13 10:19:04,784:    |valid@ loss: 0.1758, acc: 0.8641
2019-01-13 10:19:04,784:    |valid num: 780
2019-01-13 10:19:04,784:    |timec@ 10: 45.8666s
2019-01-13 10:19:49,488:    |
epoch: 11
2019-01-13 10:19:49,488:    |train@ loss: 0.1802, acc: 0.8533
2019-01-13 10:19:50,293:    |valid@ loss: 0.1319, acc: 0.8962
2019-01-13 10:19:50,293:    |valid num: 780
2019-01-13 10:19:50,293:    |timec@ 11: 45.5093s
2019-01-13 10:20:34,798:    |
epoch: 12
2019-01-13 10:20:34,798:    |train@ loss: 0.1493, acc: 0.8806
2019-01-13 10:20:35,702:    |valid@ loss: 0.1088, acc: 0.8987
2019-01-13 10:20:35,703:    |valid num: 780
2019-01-13 10:20:35,703:    |timec@ 12: 45.4096s
2019-01-13 10:21:28,975:    |
epoch: 13
2019-01-13 10:21:28,976:    |train@ loss: 0.1276, acc: 0.9023
2019-01-13 10:21:29,930:    |valid@ loss: 0.0811, acc: 0.9205
2019-01-13 10:21:29,930:    |valid num: 780
2019-01-13 10:21:29,930:    |timec@ 13: 54.2277s
2019-01-13 10:21:29,930:    |params2/TS2-VGG11lr5e-06_wd1.0_bs4_vs0.1-13-0.128-0.081.pkl
2019-01-13 10:22:18,656:    |
epoch: 14
2019-01-13 10:22:18,656:    |train@ loss: 0.1120, acc: 0.9160
2019-01-13 10:22:19,467:    |valid@ loss: 0.0768, acc: 0.9256
2019-01-13 10:22:19,467:    |valid num: 780
2019-01-13 10:22:19,467:    |timec@ 14: 49.5026s
2019-01-13 10:22:19,467:    |params2/TS2-VGG11lr5e-06_wd1.0_bs4_vs0.1-14-0.112-0.077.pkl
2019-01-13 10:23:05,006:    |
epoch: 15
2019-01-13 10:23:05,006:    |train@ loss: 0.1003, acc: 0.9271
2019-01-13 10:23:05,909:    |valid@ loss: 0.0620, acc: 0.9423
2019-01-13 10:23:05,910:    |valid num: 780
2019-01-13 10:23:05,910:    |timec@ 15: 46.4119s
2019-01-13 10:23:05,910:    |params2/TS2-VGG11lr5e-06_wd1.0_bs4_vs0.1-15-0.100-0.062.pkl
2019-01-13 10:23:50,764:    |
epoch: 16
2019-01-13 10:23:50,764:    |train@ loss: 0.0905, acc: 0.9397
2019-01-13 10:23:51,602:    |valid@ loss: 0.0618, acc: 0.9359
2019-01-13 10:23:51,602:    |valid num: 780
2019-01-13 10:23:51,602:    |timec@ 16: 45.6624s
2019-01-13 10:23:51,602:    |params2/TS2-VGG11lr5e-06_wd1.0_bs4_vs0.1-16-0.090-0.062.pkl
2019-01-13 10:24:36,952:    |
epoch: 17
2019-01-13 10:24:36,952:    |train@ loss: 0.0841, acc: 0.9429
2019-01-13 10:24:37,772:    |valid@ loss: 0.0573, acc: 0.9500
2019-01-13 10:24:37,772:    |valid num: 780
2019-01-13 10:24:37,772:    |timec@ 17: 46.1412s
2019-01-13 10:24:37,772:    |params2/TS2-VGG11lr5e-06_wd1.0_bs4_vs0.1-17-0.084-0.057.pkl
2019-01-13 10:25:24,147:    |
epoch: 18
2019-01-13 10:25:24,147:    |train@ loss: 0.0798, acc: 0.9467
2019-01-13 10:25:24,971:    |valid@ loss: 0.0571, acc: 0.9474
2019-01-13 10:25:24,972:    |valid num: 780
2019-01-13 10:25:24,972:    |timec@ 18: 47.1670s
2019-01-13 10:25:24,972:    |params2/TS2-VGG11lr5e-06_wd1.0_bs4_vs0.1-18-0.080-0.057.pkl
2019-01-13 10:26:10,821:    |
epoch: 19
2019-01-13 10:26:10,821:    |train@ loss: 0.0747, acc: 0.9533
2019-01-13 10:26:11,627:    |valid@ loss: 0.0490, acc: 0.9551
2019-01-13 10:26:11,627:    |valid num: 780
2019-01-13 10:26:11,627:    |timec@ 19: 46.6250s
2019-01-13 10:26:11,627:    |params2/TS2-VGG11lr5e-06_wd1.0_bs4_vs0.1-19-0.075-0.049.pkl
2019-01-13 10:26:55,561:    |
epoch: 20
2019-01-13 10:26:55,561:    |train@ loss: 0.0698, acc: 0.9583
2019-01-13 10:26:56,171:    |valid@ loss: 0.0505, acc: 0.9564
2019-01-13 10:26:56,171:    |valid num: 780
2019-01-13 10:26:56,171:    |timec@ 20: 44.5136s
2019-01-13 10:27:34,848:    |
epoch: 21
2019-01-13 10:27:34,848:    |train@ loss: 0.0671, acc: 0.9630
2019-01-13 10:27:35,473:    |valid@ loss: 0.0473, acc: 0.9603
2019-01-13 10:27:35,473:    |valid num: 780
2019-01-13 10:27:35,473:    |timec@ 21: 39.3026s
2019-01-13 10:27:35,473:    |params2/TS2-VGG11lr5e-06_wd1.0_bs4_vs0.1-21-0.067-0.047.pkl
2019-01-13 10:28:14,396:    |
epoch: 22
2019-01-13 10:28:14,397:    |train@ loss: 0.0654, acc: 0.9627
2019-01-13 10:28:15,025:    |valid@ loss: 0.0444, acc: 0.9603
2019-01-13 10:28:15,025:    |valid num: 780
2019-01-13 10:28:15,025:    |timec@ 22: 39.5220s
2019-01-13 10:28:15,025:    |params2/TS2-VGG11lr5e-06_wd1.0_bs4_vs0.1-22-0.065-0.044.pkl
2019-01-13 10:28:52,432:    |
epoch: 23
2019-01-13 10:28:52,432:    |train@ loss: 0.0636, acc: 0.9668
2019-01-13 10:28:53,062:    |valid@ loss: 0.0420, acc: 0.9654
2019-01-13 10:28:53,063:    |valid num: 780
2019-01-13 10:28:53,063:    |timec@ 23: 38.0085s
2019-01-13 10:28:53,063:    |params2/TS2-VGG11lr5e-06_wd1.0_bs4_vs0.1-23-0.064-0.042.pkl
2019-01-13 10:29:30,834:    |
epoch: 24
2019-01-13 10:29:30,834:    |train@ loss: 0.0608, acc: 0.9704
2019-01-13 10:29:31,471:    |valid@ loss: 0.0419, acc: 0.9667
2019-01-13 10:29:31,472:    |valid num: 780
2019-01-13 10:29:31,472:    |timec@ 24: 38.3796s
2019-01-13 10:29:31,472:    |params2/TS2-VGG11lr5e-06_wd1.0_bs4_vs0.1-24-0.061-0.042.pkl
2019-01-13 10:30:07,992:    |
epoch: 25
2019-01-13 10:30:07,992:    |train@ loss: 0.0612, acc: 0.9702
2019-01-13 10:30:08,951:    |valid@ loss: 0.0419, acc: 0.9705
2019-01-13 10:30:08,952:    |valid num: 780
2019-01-13 10:30:08,952:    |timec@ 25: 37.4464s
2019-01-13 10:30:47,272:    |
epoch: 26
2019-01-13 10:30:47,272:    |train@ loss: 0.0594, acc: 0.9751
2019-01-13 10:30:47,891:    |valid@ loss: 0.0420, acc: 0.9603
2019-01-13 10:30:47,891:    |valid num: 780
2019-01-13 10:30:47,891:    |timec@ 26: 38.9389s
2019-01-13 10:31:26,246:    |
epoch: 27
2019-01-13 10:31:26,246:    |train@ loss: 0.0583, acc: 0.9778
2019-01-13 10:31:26,862:    |valid@ loss: 0.0396, acc: 0.9654
2019-01-13 10:31:26,862:    |valid num: 780
2019-01-13 10:31:26,862:    |timec@ 27: 38.9711s
2019-01-13 10:31:26,862:    |params2/TS2-VGG11lr5e-06_wd1.0_bs4_vs0.1-27-0.058-0.040.pkl
2019-01-13 10:32:05,201:    |
epoch: 28
2019-01-13 10:32:05,201:    |train@ loss: 0.0584, acc: 0.9769
2019-01-13 10:32:05,826:    |valid@ loss: 0.0397, acc: 0.9679
2019-01-13 10:32:05,826:    |valid num: 780
2019-01-13 10:32:05,826:    |timec@ 28: 38.9343s
2019-01-13 10:32:44,293:    |
epoch: 29
2019-01-13 10:32:44,293:    |train@ loss: 0.0574, acc: 0.9786
2019-01-13 10:32:44,904:    |valid@ loss: 0.0383, acc: 0.9692
2019-01-13 10:32:44,904:    |valid num: 780
2019-01-13 10:32:44,904:    |timec@ 29: 39.0776s
2019-01-13 10:32:44,904:    |params2/TS2-VGG11lr5e-06_wd1.0_bs4_vs0.1-29-0.057-0.038.pkl
2019-01-13 10:33:23,186:    |
epoch: 30
2019-01-13 10:33:23,186:    |train@ loss: 0.0579, acc: 0.9803
2019-01-13 10:33:23,807:    |valid@ loss: 0.0406, acc: 0.9654
2019-01-13 10:33:23,807:    |valid num: 780
2019-01-13 10:33:23,807:    |timec@ 30: 38.8742s
2019-01-13 10:34:02,246:    |
epoch: 31
2019-01-13 10:34:02,246:    |train@ loss: 0.0569, acc: 0.9799
2019-01-13 10:34:02,852:    |valid@ loss: 0.0402, acc: 0.9667
2019-01-13 10:34:02,852:    |valid num: 780
2019-01-13 10:34:02,852:    |timec@ 31: 39.0447s
2019-01-13 10:34:43,927:    |
epoch: 32
2019-01-13 10:34:43,927:    |train@ loss: 0.0561, acc: 0.9818
2019-01-13 10:34:44,665:    |valid@ loss: 0.0410, acc: 0.9654
2019-01-13 10:34:44,665:    |valid num: 780
2019-01-13 10:34:44,665:    |timec@ 32: 41.8136s
2019-01-13 10:35:27,031:    |
epoch: 33
2019-01-13 10:35:27,031:    |train@ loss: 0.0568, acc: 0.9813
2019-01-13 10:35:27,812:    |valid@ loss: 0.0365, acc: 0.9679
2019-01-13 10:35:27,812:    |valid num: 780
2019-01-13 10:35:27,812:    |timec@ 33: 43.1472s
2019-01-13 10:35:27,812:    |params2/TS2-VGG11lr5e-06_wd1.0_bs4_vs0.1-33-0.057-0.037.pkl
2019-01-13 10:36:10,556:    |
epoch: 34
2019-01-13 10:36:10,556:    |train@ loss: 0.0561, acc: 0.9835
2019-01-13 10:36:11,313:    |valid@ loss: 0.0375, acc: 0.9718
2019-01-13 10:36:11,313:    |valid num: 780
2019-01-13 10:36:11,313:    |timec@ 34: 43.4713s
2019-01-13 10:36:50,770:    |
epoch: 35
2019-01-13 10:36:50,771:    |train@ loss: 0.0570, acc: 0.9828
2019-01-13 10:36:51,413:    |valid@ loss: 0.0383, acc: 0.9756
2019-01-13 10:36:51,413:    |valid num: 780
2019-01-13 10:36:51,413:    |timec@ 35: 40.0993s
2019-01-13 10:37:30,378:    |
epoch: 36
2019-01-13 10:37:30,378:    |train@ loss: 0.0563, acc: 0.9832
2019-01-13 10:37:30,997:    |valid@ loss: 0.0381, acc: 0.9718
2019-01-13 10:37:30,997:    |valid num: 780
2019-01-13 10:37:30,997:    |timec@ 36: 39.5842s
2019-01-13 10:38:09,421:    |
epoch: 37
2019-01-13 10:38:09,422:    |train@ loss: 0.0560, acc: 0.9859
2019-01-13 10:38:10,028:    |valid@ loss: 0.0378, acc: 0.9808
2019-01-13 10:38:10,028:    |valid num: 780
2019-01-13 10:38:10,028:    |timec@ 37: 39.0309s
2019-01-13 10:38:46,635:    |
epoch: 38
2019-01-13 10:38:46,635:    |train@ loss: 0.0551, acc: 0.9856
2019-01-13 10:38:47,245:    |valid@ loss: 0.0366, acc: 0.9744
2019-01-13 10:38:47,245:    |valid num: 780
2019-01-13 10:38:47,245:    |timec@ 38: 37.2172s
2019-01-13 10:39:24,743:    |
epoch: 39
2019-01-13 10:39:24,743:    |train@ loss: 0.0563, acc: 0.9849
2019-01-13 10:39:25,334:    |valid@ loss: 0.0416, acc: 0.9718
2019-01-13 10:39:25,334:    |valid num: 780
2019-01-13 10:39:25,334:    |timec@ 39: 38.0892s
2019-01-13 10:40:03,096:    |
epoch: 40
2019-01-13 10:40:03,096:    |train@ loss: 0.0561, acc: 0.9868
2019-01-13 10:40:03,708:    |valid@ loss: 0.0348, acc: 0.9731
2019-01-13 10:40:03,709:    |valid num: 780
2019-01-13 10:40:03,709:    |timec@ 40: 38.3745s
2019-01-13 10:40:03,709:    |params2/TS2-VGG11lr5e-06_wd1.0_bs4_vs0.1-40-0.056-0.035.pkl
2019-01-13 10:40:41,954:    |
epoch: 41
2019-01-13 10:40:41,954:    |train@ loss: 0.0568, acc: 0.9856
2019-01-13 10:40:42,569:    |valid@ loss: 0.0340, acc: 0.9718
2019-01-13 10:40:42,569:    |valid num: 780
2019-01-13 10:40:42,569:    |timec@ 41: 38.8305s
2019-01-13 10:40:42,569:    |params2/TS2-VGG11lr5e-06_wd1.0_bs4_vs0.1-41-0.057-0.034.pkl
2019-01-13 10:41:23,838:    |
epoch: 42
2019-01-13 10:41:23,838:    |train@ loss: 0.0579, acc: 0.9858
2019-01-13 10:41:24,648:    |valid@ loss: 0.0363, acc: 0.9769
2019-01-13 10:41:24,648:    |valid num: 780
2019-01-13 10:41:24,648:    |timec@ 42: 42.0504s
2019-01-13 10:42:06,641:    |
epoch: 43
2019-01-13 10:42:06,642:    |train@ loss: 0.0567, acc: 0.9859
2019-01-13 10:42:07,409:    |valid@ loss: 0.0382, acc: 0.9744
2019-01-13 10:42:07,409:    |valid num: 780
2019-01-13 10:42:07,409:    |timec@ 43: 42.7615s
2019-01-13 10:42:51,408:    |
epoch: 44
2019-01-13 10:42:51,408:    |train@ loss: 0.0561, acc: 0.9893
2019-01-13 10:42:52,183:    |valid@ loss: 0.0381, acc: 0.9718
2019-01-13 10:42:52,183:    |valid num: 780
2019-01-13 10:42:52,183:    |timec@ 44: 44.7741s
2019-01-13 10:43:36,170:    |
epoch: 45
2019-01-13 10:43:36,170:    |train@ loss: 0.0563, acc: 0.9892
2019-01-13 10:43:36,946:    |valid@ loss: 0.0379, acc: 0.9756
2019-01-13 10:43:36,946:    |valid num: 780
2019-01-13 10:43:36,946:    |timec@ 45: 44.7631s
2019-01-13 10:44:20,561:    |
epoch: 46
2019-01-13 10:44:20,561:    |train@ loss: 0.0578, acc: 0.9880
2019-01-13 10:44:21,331:    |valid@ loss: 0.0379, acc: 0.9782
2019-01-13 10:44:21,331:    |valid num: 780
2019-01-13 10:44:21,331:    |timec@ 46: 44.3842s
2019-01-13 10:45:05,170:    |
epoch: 47
2019-01-13 10:45:05,170:    |train@ loss: 0.0578, acc: 0.9883
2019-01-13 10:45:05,958:    |valid@ loss: 0.0346, acc: 0.9769
2019-01-13 10:45:05,958:    |valid num: 780
2019-01-13 10:45:05,958:    |timec@ 47: 44.6278s
2019-01-13 10:45:52,861:    |
epoch: 48
2019-01-13 10:45:52,861:    |train@ loss: 0.0589, acc: 0.9895
2019-01-13 10:45:53,784:    |valid@ loss: 0.0365, acc: 0.9782
2019-01-13 10:45:53,784:    |valid num: 780
2019-01-13 10:45:53,784:    |timec@ 48: 47.8257s
2019-01-13 10:46:38,972:    |
epoch: 49
2019-01-13 10:46:38,973:    |train@ loss: 0.0578, acc: 0.9893
2019-01-13 10:46:39,802:    |valid@ loss: 0.0373, acc: 0.9769
2019-01-13 10:46:39,802:    |valid num: 780
2019-01-13 10:46:39,802:    |timec@ 49: 46.0176s
2019-01-13 10:46:46,304:    |TS2-VGG11lr5e-06_wd1.0_bs4_vs0.1lr5e-06_wd1.0_bs4_vs0.1
2019-01-13 10:49:10,595:    |
epoch: 0
2019-01-13 10:49:10,595:    |train@ loss: 0.1009, acc: 0.9459
2019-01-13 10:49:11,414:    |valid@ loss: 0.0361, acc: 0.9744
2019-01-13 10:49:11,414:    |valid num: 780
2019-01-13 10:49:11,414:    |timec@ 0: 144.1954s
2019-01-13 10:49:11,414:    |params2/TS2-VGG11lr5e-06_wd1.0_bs4_vs0.1lr5e-06_wd1.0_bs4_vs0.1-0-0.101-0.036.pkl
2019-01-13 10:51:38,672:    |
epoch: 1
2019-01-13 10:51:38,672:    |train@ loss: 0.0992, acc: 0.9503
2019-01-13 10:51:39,475:    |valid@ loss: 0.0373, acc: 0.9654
2019-01-13 10:51:39,475:    |valid num: 780
2019-01-13 10:51:39,475:    |timec@ 1: 148.0299s
2019-01-13 10:54:11,934:    |
epoch: 2
2019-01-13 10:54:11,935:    |train@ loss: 0.1020, acc: 0.9534
2019-01-13 10:54:12,752:    |valid@ loss: 0.0387, acc: 0.9769
2019-01-13 10:54:12,752:    |valid num: 780
2019-01-13 10:54:12,752:    |timec@ 2: 153.2763s
2019-01-13 10:56:34,968:    |
epoch: 3
2019-01-13 10:56:34,968:    |train@ loss: 0.1061, acc: 0.9554
2019-01-13 10:56:35,693:    |valid@ loss: 0.0389, acc: 0.9769
2019-01-13 10:56:35,693:    |valid num: 780
2019-01-13 10:56:35,693:    |timec@ 3: 142.9406s
2019-01-13 10:59:01,907:    |
epoch: 4
2019-01-13 10:59:01,908:    |train@ loss: 0.1110, acc: 0.9554
2019-01-13 10:59:02,793:    |valid@ loss: 0.0383, acc: 0.9744
2019-01-13 10:59:02,794:    |valid num: 780
2019-01-13 10:59:02,794:    |timec@ 4: 147.1011s
2019-01-13 11:01:18,620:    |
epoch: 5
2019-01-13 11:01:18,620:    |train@ loss: 0.1180, acc: 0.9507
2019-01-13 11:01:19,272:    |valid@ loss: 0.0440, acc: 0.9756
2019-01-13 11:01:19,272:    |valid num: 780
2019-01-13 11:01:19,272:    |timec@ 5: 136.4779s
2019-01-13 11:03:21,030:    |
epoch: 6
2019-01-13 11:03:21,030:    |train@ loss: 0.1245, acc: 0.9539
2019-01-13 11:03:21,638:    |valid@ loss: 0.0473, acc: 0.9769
2019-01-13 11:03:21,638:    |valid num: 780
2019-01-13 11:03:21,638:    |timec@ 6: 122.3661s
2019-01-13 11:05:29,949:    |
epoch: 7
2019-01-13 11:05:29,950:    |train@ loss: 0.1322, acc: 0.9514
2019-01-13 11:05:30,670:    |valid@ loss: 0.0471, acc: 0.9705
2019-01-13 11:05:30,670:    |valid num: 780
2019-01-13 11:05:30,670:    |timec@ 7: 129.0321s
2019-01-13 11:07:48,895:    |
epoch: 8
2019-01-13 11:07:48,895:    |train@ loss: 0.1390, acc: 0.9539
2019-01-13 11:07:49,624:    |valid@ loss: 0.0489, acc: 0.9795
2019-01-13 11:07:49,624:    |valid num: 780
2019-01-13 11:07:49,624:    |timec@ 8: 138.9543s
2019-01-13 11:10:15,818:    |
epoch: 9
2019-01-13 11:10:15,818:    |train@ loss: 0.1469, acc: 0.9534
2019-01-13 11:10:16,628:    |valid@ loss: 0.0493, acc: 0.9731
2019-01-13 11:10:16,628:    |valid num: 780
2019-01-13 11:10:16,628:    |timec@ 9: 147.0037s
2019-01-13 11:12:44,097:    |
epoch: 10
2019-01-13 11:12:44,097:    |train@ loss: 0.1556, acc: 0.9514
2019-01-13 11:12:44,903:    |valid@ loss: 0.0580, acc: 0.9769
2019-01-13 11:12:44,903:    |valid num: 780
2019-01-13 11:12:44,904:    |timec@ 10: 148.2758s
2019-01-13 11:15:11,026:    |
epoch: 11
2019-01-13 11:15:11,026:    |train@ loss: 0.1648, acc: 0.9525
2019-01-13 11:15:11,764:    |valid@ loss: 0.0600, acc: 0.9795
2019-01-13 11:15:11,764:    |valid num: 780
2019-01-13 11:15:11,764:    |timec@ 11: 146.8602s
2019-01-13 11:17:15,438:    |
epoch: 12
2019-01-13 11:17:15,438:    |train@ loss: 0.1743, acc: 0.9551
2019-01-13 11:17:16,051:    |valid@ loss: 0.0680, acc: 0.9756
2019-01-13 11:17:16,051:    |valid num: 780
2019-01-13 11:17:16,051:    |timec@ 12: 124.2867s
2019-01-13 11:19:23,079:    |
epoch: 13
2019-01-13 11:19:23,079:    |train@ loss: 0.1848, acc: 0.9536
2019-01-13 11:19:23,797:    |valid@ loss: 0.0660, acc: 0.9756
2019-01-13 11:19:23,797:    |valid num: 780
2019-01-13 11:19:23,797:    |timec@ 13: 127.7460s
2019-01-13 11:21:48,953:    |
epoch: 14
2019-01-13 11:21:48,953:    |train@ loss: 0.1953, acc: 0.9531
2019-01-13 11:21:49,889:    |valid@ loss: 0.0806, acc: 0.9769
2019-01-13 11:21:49,889:    |valid num: 780
2019-01-13 11:21:49,889:    |timec@ 14: 146.0925s
2019-01-13 11:23:57,682:    |
epoch: 15
2019-01-13 11:23:57,682:    |train@ loss: 0.2068, acc: 0.9509
2019-01-13 11:23:58,334:    |valid@ loss: 0.0965, acc: 0.9769
2019-01-13 11:23:58,334:    |valid num: 780
2019-01-13 11:23:58,335:    |timec@ 15: 128.4456s
2019-01-13 11:25:59,362:    |
epoch: 16
2019-01-13 11:25:59,363:    |train@ loss: 0.2181, acc: 0.9496
2019-01-13 11:25:59,984:    |valid@ loss: 0.0974, acc: 0.9782
2019-01-13 11:25:59,984:    |valid num: 780
2019-01-13 11:25:59,985:    |timec@ 16: 121.6501s
2019-01-13 11:28:17,616:    |
epoch: 17
2019-01-13 11:28:17,616:    |train@ loss: 0.2305, acc: 0.9511
2019-01-13 11:28:18,430:    |valid@ loss: 0.0986, acc: 0.9769
2019-01-13 11:28:18,430:    |valid num: 780
2019-01-13 11:28:18,430:    |timec@ 17: 138.4453s
2019-01-13 11:30:43,778:    |
epoch: 18
2019-01-13 11:30:43,778:    |train@ loss: 0.2427, acc: 0.9502
2019-01-13 11:30:44,596:    |valid@ loss: 0.1089, acc: 0.9795
2019-01-13 11:30:44,596:    |valid num: 780
2019-01-13 11:30:44,596:    |timec@ 18: 146.1651s
2019-01-13 11:33:12,203:    |
epoch: 19
2019-01-13 11:33:12,204:    |train@ loss: 0.2564, acc: 0.9505
2019-01-13 11:33:12,972:    |valid@ loss: 0.1411, acc: 0.9756
2019-01-13 11:33:12,972:    |valid num: 780
2019-01-13 11:33:12,972:    |timec@ 19: 148.3760s
2019-01-13 11:35:40,196:    |
epoch: 20
2019-01-13 11:35:40,196:    |train@ loss: 0.2695, acc: 0.9508
2019-01-13 11:35:40,811:    |valid@ loss: 0.1465, acc: 0.9744
2019-01-13 11:35:40,811:    |valid num: 780
2019-01-13 11:35:40,811:    |timec@ 20: 147.8390s
2019-01-13 11:37:45,688:    |
epoch: 21
2019-01-13 11:37:45,688:    |train@ loss: 0.2834, acc: 0.9483
2019-01-13 11:37:46,288:    |valid@ loss: 0.1642, acc: 0.9782
2019-01-13 11:37:46,288:    |valid num: 780
2019-01-13 11:37:46,289:    |timec@ 21: 125.4789s
2019-01-13 11:39:48,992:    |
epoch: 22
2019-01-13 11:39:48,992:    |train@ loss: 0.2975, acc: 0.9479
2019-01-13 11:39:49,613:    |valid@ loss: 0.1884, acc: 0.9744
2019-01-13 11:39:49,613:    |valid num: 780
2019-01-13 11:39:49,614:    |timec@ 22: 123.3241s
2019-01-13 11:42:04,920:    |
epoch: 23
2019-01-13 11:42:04,920:    |train@ loss: 0.3115, acc: 0.9491
2019-01-13 11:42:05,665:    |valid@ loss: 0.1943, acc: 0.9756
2019-01-13 11:42:05,666:    |valid num: 780
2019-01-13 11:42:05,666:    |timec@ 23: 136.0520s
2019-01-13 11:44:27,685:    |
epoch: 24
2019-01-13 11:44:27,685:    |train@ loss: 0.3264, acc: 0.9468
2019-01-13 11:44:28,440:    |valid@ loss: 0.2226, acc: 0.9744
2019-01-13 11:44:28,440:    |valid num: 780
2019-01-13 11:44:28,440:    |timec@ 24: 142.7733s
2019-01-13 11:47:09,255:    |
epoch: 25
2019-01-13 11:47:09,256:    |train@ loss: 0.3414, acc: 0.9449
2019-01-13 11:47:10,172:    |valid@ loss: 0.2150, acc: 0.9769
2019-01-13 11:47:10,172:    |valid num: 780
2019-01-13 11:47:10,172:    |timec@ 25: 161.7322s
2019-01-13 11:49:39,432:    |
epoch: 26
2019-01-13 11:49:39,432:    |train@ loss: 0.3565, acc: 0.9454
2019-01-13 11:49:40,242:    |valid@ loss: 0.2402, acc: 0.9756
2019-01-13 11:49:40,242:    |valid num: 780
2019-01-13 11:49:40,242:    |timec@ 26: 150.0704s
2019-01-13 11:52:06,819:    |
epoch: 27
2019-01-13 11:52:06,819:    |train@ loss: 0.3714, acc: 0.9430
2019-01-13 11:52:07,622:    |valid@ loss: 0.2575, acc: 0.9756
2019-01-13 11:52:07,622:    |valid num: 780
2019-01-13 11:52:07,622:    |timec@ 27: 147.3795s
2019-01-13 11:54:32,599:    |
epoch: 28
2019-01-13 11:54:32,599:    |train@ loss: 0.3868, acc: 0.9410
2019-01-13 11:54:33,373:    |valid@ loss: 0.2857, acc: 0.9718
2019-01-13 11:54:33,373:    |valid num: 780
2019-01-13 11:54:33,373:    |timec@ 28: 145.7504s
2019-01-13 11:56:49,272:    |
epoch: 29
2019-01-13 11:56:49,272:    |train@ loss: 0.4023, acc: 0.9393
2019-01-13 11:56:49,921:    |valid@ loss: 0.3163, acc: 0.9744
2019-01-13 11:56:49,921:    |valid num: 780
2019-01-13 11:56:49,921:    |timec@ 29: 136.5472s
2019-01-13 11:58:50,629:    |
epoch: 30
2019-01-13 11:58:50,629:    |train@ loss: 0.4165, acc: 0.9385
2019-01-13 11:58:51,237:    |valid@ loss: 0.3230, acc: 0.9744
2019-01-13 11:58:51,237:    |valid num: 780
2019-01-13 11:58:51,237:    |timec@ 30: 121.3163s
2019-01-13 12:00:53,676:    |
epoch: 31
2019-01-13 12:00:53,676:    |train@ loss: 0.4322, acc: 0.9335
2019-01-13 12:00:54,293:    |valid@ loss: 0.3557, acc: 0.9705
2019-01-13 12:00:54,293:    |valid num: 780
2019-01-13 12:00:54,293:    |timec@ 31: 123.0557s
2019-01-13 12:03:06,353:    |
epoch: 32
2019-01-13 12:03:06,353:    |train@ loss: 0.4463, acc: 0.9313
2019-01-13 12:03:07,114:    |valid@ loss: 0.3824, acc: 0.9731
2019-01-13 12:03:07,114:    |valid num: 780
2019-01-13 12:03:07,114:    |timec@ 32: 132.8215s
2019-01-13 12:05:29,268:    |
epoch: 33
2019-01-13 12:05:29,268:    |train@ loss: 0.4605, acc: 0.9289
2019-01-13 12:05:30,044:    |valid@ loss: 0.3884, acc: 0.9679
2019-01-13 12:05:30,044:    |valid num: 780
2019-01-13 12:05:30,044:    |timec@ 33: 142.9296s
2019-01-13 12:08:11,124:    |
epoch: 34
2019-01-13 12:08:11,124:    |train@ loss: 0.4746, acc: 0.9251
2019-01-13 12:08:11,888:    |valid@ loss: 0.4146, acc: 0.9654
2019-01-13 12:08:11,888:    |valid num: 780
2019-01-13 12:08:11,888:    |timec@ 34: 161.8441s
2019-01-13 12:10:33,008:    |
epoch: 35
2019-01-13 12:10:33,008:    |train@ loss: 0.4884, acc: 0.9168
2019-01-13 12:10:33,824:    |valid@ loss: 0.4306, acc: 0.9641
2019-01-13 12:10:33,824:    |valid num: 780
2019-01-13 12:10:33,824:    |timec@ 35: 141.9364s
2019-01-13 12:13:00,200:    |
epoch: 36
2019-01-13 12:13:00,200:    |train@ loss: 0.5017, acc: 0.9111
2019-01-13 12:13:00,990:    |valid@ loss: 0.4482, acc: 0.9615
2019-01-13 12:13:00,990:    |valid num: 780
2019-01-13 12:13:00,990:    |timec@ 36: 147.1645s
2019-01-13 12:15:07,298:    |
epoch: 37
2019-01-13 12:15:07,298:    |train@ loss: 0.5142, acc: 0.9010
2019-01-13 12:15:07,883:    |valid@ loss: 0.4646, acc: 0.9577
2019-01-13 12:15:07,883:    |valid num: 780
2019-01-13 12:15:07,883:    |timec@ 37: 126.8935s
2019-01-13 12:17:08,109:    |
epoch: 38
2019-01-13 12:17:08,109:    |train@ loss: 0.5262, acc: 0.8862
2019-01-13 12:17:08,714:    |valid@ loss: 0.4939, acc: 0.9462
2019-01-13 12:17:08,714:    |valid num: 780
2019-01-13 12:17:08,714:    |timec@ 38: 120.8314s
2019-01-13 12:19:11,510:    |
epoch: 39
2019-01-13 12:19:11,510:    |train@ loss: 0.5375, acc: 0.8649
2019-01-13 12:19:12,131:    |valid@ loss: 0.5095, acc: 0.9372
2019-01-13 12:19:12,131:    |valid num: 780
2019-01-13 12:19:12,131:    |timec@ 39: 123.4170s
2019-01-13 12:21:28,915:    |
epoch: 40
2019-01-13 12:21:28,915:    |train@ loss: 0.5478, acc: 0.8327
2019-01-13 12:21:29,665:    |valid@ loss: 0.5227, acc: 0.9167
2019-01-13 12:21:29,665:    |valid num: 780
2019-01-13 12:21:29,665:    |timec@ 40: 137.5338s
2019-01-13 12:23:51,437:    |
epoch: 41
2019-01-13 12:23:51,437:    |train@ loss: 0.5576, acc: 0.7872
2019-01-13 12:23:52,188:    |valid@ loss: 0.5343, acc: 0.8769
2019-01-13 12:23:52,188:    |valid num: 780
2019-01-13 12:23:52,188:    |timec@ 41: 142.5226s
2019-01-13 12:26:21,151:    |
epoch: 42
2019-01-13 12:26:21,152:    |train@ loss: 0.5665, acc: 0.7276
2019-01-13 12:26:21,979:    |valid@ loss: 0.5481, acc: 0.8013
2019-01-13 12:26:21,979:    |valid num: 780
2019-01-13 12:26:21,979:    |timec@ 42: 149.7906s
2019-01-13 12:28:47,328:    |
epoch: 43
2019-01-13 12:28:47,328:    |train@ loss: 0.5740, acc: 0.6644
2019-01-13 12:28:48,157:    |valid@ loss: 0.5615, acc: 0.7372
2019-01-13 12:28:48,157:    |valid num: 780
2019-01-13 12:28:48,157:    |timec@ 43: 146.1782s
2019-01-13 12:31:10,827:    |
epoch: 44
2019-01-13 12:31:10,828:    |train@ loss: 0.5810, acc: 0.5899
2019-01-13 12:31:11,594:    |valid@ loss: 0.5712, acc: 0.7026
2019-01-13 12:31:11,594:    |valid num: 780
2019-01-13 12:31:11,594:    |timec@ 44: 143.4373s
2019-01-13 12:33:36,008:    |
epoch: 45
2019-01-13 12:33:36,008:    |train@ loss: 0.5872, acc: 0.5179
2019-01-13 12:33:36,744:    |valid@ loss: 0.5793, acc: 0.6205
2019-01-13 12:33:36,744:    |valid num: 780
2019-01-13 12:33:36,744:    |timec@ 45: 145.1501s
2019-01-13 12:36:07,845:    |
epoch: 46
2019-01-13 12:36:07,845:    |train@ loss: 0.5931, acc: 0.4539
2019-01-13 12:36:08,693:    |valid@ loss: 0.5854, acc: 0.5333
2019-01-13 12:36:08,694:    |valid num: 780
2019-01-13 12:36:08,694:    |timec@ 46: 151.9497s
2019-01-13 12:38:35,662:    |
epoch: 47
2019-01-13 12:38:35,662:    |train@ loss: 0.5984, acc: 0.4057
2019-01-13 12:38:36,513:    |valid@ loss: 0.5937, acc: 0.4859
2019-01-13 12:38:36,513:    |valid num: 780
2019-01-13 12:38:36,513:    |timec@ 47: 147.8187s
2019-01-13 12:40:43,417:    |
epoch: 48
2019-01-13 12:40:43,417:    |train@ loss: 0.6033, acc: 0.3666
2019-01-13 12:40:44,060:    |valid@ loss: 0.6001, acc: 0.4244
2019-01-13 12:40:44,060:    |valid num: 780
2019-01-13 12:40:44,060:    |timec@ 48: 127.5478s
2019-01-13 12:42:44,152:    |
epoch: 49
2019-01-13 12:42:44,152:    |train@ loss: 0.6079, acc: 0.3231
2019-01-13 12:42:44,771:    |valid@ loss: 0.6070, acc: 0.3885
2019-01-13 12:42:44,771:    |valid num: 780
2019-01-13 12:42:44,771:    |timec@ 49: 120.7110s
