2019-01-11 22:12:08,104:    |cuda
2019-01-11 22:12:09,326:    |dropout_smlrbgwdVGG11lr1e-06_wd1.0_bs4_vs0.001
2019-01-11 22:12:49,993:    |
epoch: 0
2019-01-11 22:12:49,993:    |train@ loss: 0.6490, acc: 0.0865
2019-01-11 22:12:50,001:    |valid@ loss: 0.7089, acc: 0.1429
2019-01-11 22:12:50,001:    |valid num: 7
2019-01-11 22:12:50,001:    |timec@ 0: 40.4379s
2019-01-11 22:13:29,500:    |
epoch: 1
2019-01-11 22:13:29,501:    |train@ loss: 0.6429, acc: 0.0867
2019-01-11 22:13:29,508:    |valid@ loss: 0.7071, acc: 0.1429
2019-01-11 22:13:29,509:    |valid num: 7
2019-01-11 22:13:29,509:    |timec@ 1: 39.5075s
2019-01-11 22:14:08,789:    |
epoch: 2
2019-01-11 22:14:08,789:    |train@ loss: 0.6371, acc: 0.0901
2019-01-11 22:14:08,795:    |valid@ loss: 0.7093, acc: 0.1429
2019-01-11 22:14:08,796:    |valid num: 7
2019-01-11 22:14:08,796:    |timec@ 2: 39.2875s
2019-01-11 22:14:48,877:    |
epoch: 3
2019-01-11 22:14:48,877:    |train@ loss: 0.6367, acc: 0.0950
2019-01-11 22:14:48,883:    |valid@ loss: 0.7079, acc: 0.1429
2019-01-11 22:14:48,883:    |valid num: 7
2019-01-11 22:14:48,883:    |timec@ 3: 40.0869s
2019-01-11 22:15:29,698:    |
epoch: 4
2019-01-11 22:15:29,698:    |train@ loss: 0.6328, acc: 0.0960
2019-01-11 22:15:29,704:    |valid@ loss: 0.7071, acc: 0.1429
2019-01-11 22:15:29,704:    |valid num: 7
2019-01-11 22:15:29,704:    |timec@ 4: 40.8209s
2019-01-11 22:16:09,927:    |
epoch: 5
2019-01-11 22:16:09,927:    |train@ loss: 0.6328, acc: 0.0987
2019-01-11 22:16:09,933:    |valid@ loss: 0.7137, acc: 0.1429
2019-01-11 22:16:09,933:    |valid num: 7
2019-01-11 22:16:09,933:    |timec@ 5: 40.2285s
2019-01-11 22:16:49,865:    |
epoch: 6
2019-01-11 22:16:49,865:    |train@ loss: 0.6312, acc: 0.0970
2019-01-11 22:16:49,871:    |valid@ loss: 0.7084, acc: 0.1429
2019-01-11 22:16:49,871:    |valid num: 7
2019-01-11 22:16:49,871:    |timec@ 6: 39.9383s
2019-01-11 22:17:29,875:    |
epoch: 7
2019-01-11 22:17:29,875:    |train@ loss: 0.6302, acc: 0.0987
2019-01-11 22:17:29,881:    |valid@ loss: 0.7103, acc: 0.1429
2019-01-11 22:17:29,881:    |valid num: 7
2019-01-11 22:17:29,881:    |timec@ 7: 40.0101s
2019-01-11 22:18:09,732:    |
epoch: 8
2019-01-11 22:18:09,732:    |train@ loss: 0.6290, acc: 0.0978
2019-01-11 22:18:09,740:    |valid@ loss: 0.7080, acc: 0.1429
2019-01-11 22:18:09,740:    |valid num: 7
2019-01-11 22:18:09,740:    |timec@ 8: 39.8595s
2019-01-11 22:18:50,404:    |
epoch: 9
2019-01-11 22:18:50,404:    |train@ loss: 0.6269, acc: 0.1095
2019-01-11 22:18:50,410:    |valid@ loss: 0.7144, acc: 0.1429
2019-01-11 22:18:50,410:    |valid num: 7
2019-01-11 22:18:50,410:    |timec@ 9: 40.6693s
2019-01-11 22:19:29,975:    |
epoch: 10
2019-01-11 22:19:29,975:    |train@ loss: 0.6249, acc: 0.1089
2019-01-11 22:19:29,983:    |valid@ loss: 0.7166, acc: 0.1429
2019-01-11 22:19:29,983:    |valid num: 7
2019-01-11 22:19:29,983:    |timec@ 10: 39.5733s
2019-01-11 22:20:09,684:    |
epoch: 11
2019-01-11 22:20:09,684:    |train@ loss: 0.6229, acc: 0.1214
2019-01-11 22:20:09,690:    |valid@ loss: 0.7139, acc: 0.1429
2019-01-11 22:20:09,690:    |valid num: 7
2019-01-11 22:20:09,690:    |timec@ 11: 39.7069s
2019-01-11 22:20:50,018:    |
epoch: 12
2019-01-11 22:20:50,018:    |train@ loss: 0.6211, acc: 0.1147
2019-01-11 22:20:50,024:    |valid@ loss: 0.7179, acc: 0.1429
2019-01-11 22:20:50,024:    |valid num: 7
2019-01-11 22:20:50,024:    |timec@ 12: 40.3343s
2019-01-11 22:21:29,943:    |
epoch: 13
2019-01-11 22:21:29,943:    |train@ loss: 0.6201, acc: 0.1124
2019-01-11 22:21:29,949:    |valid@ loss: 0.7166, acc: 0.1429
2019-01-11 22:21:29,949:    |valid num: 7
2019-01-11 22:21:29,949:    |timec@ 13: 39.9243s
2019-01-11 22:22:10,085:    |
epoch: 14
2019-01-11 22:22:10,086:    |train@ loss: 0.6187, acc: 0.1204
2019-01-11 22:22:10,093:    |valid@ loss: 0.7133, acc: 0.1429
2019-01-11 22:22:10,093:    |valid num: 7
2019-01-11 22:22:10,093:    |timec@ 14: 40.1444s
2019-01-11 22:22:50,677:    |
epoch: 15
2019-01-11 22:22:50,677:    |train@ loss: 0.6138, acc: 0.1281
2019-01-11 22:22:50,684:    |valid@ loss: 0.7165, acc: 0.1429
2019-01-11 22:22:50,684:    |valid num: 7
2019-01-11 22:22:50,684:    |timec@ 15: 40.5915s
2019-01-11 22:23:30,438:    |
epoch: 16
2019-01-11 22:23:30,438:    |train@ loss: 0.6156, acc: 0.1211
2019-01-11 22:23:30,444:    |valid@ loss: 0.7158, acc: 0.1429
2019-01-11 22:23:30,444:    |valid num: 7
2019-01-11 22:23:30,444:    |timec@ 16: 39.7598s
2019-01-11 22:24:11,076:    |
epoch: 17
2019-01-11 22:24:11,076:    |train@ loss: 0.6120, acc: 0.1301
2019-01-11 22:24:11,083:    |valid@ loss: 0.7142, acc: 0.1429
2019-01-11 22:24:11,083:    |valid num: 7
2019-01-11 22:24:11,083:    |timec@ 17: 40.6388s
2019-01-11 22:24:50,751:    |
epoch: 18
2019-01-11 22:24:50,751:    |train@ loss: 0.6077, acc: 0.1338
2019-01-11 22:24:50,757:    |valid@ loss: 0.7108, acc: 0.1429
2019-01-11 22:24:50,757:    |valid num: 7
2019-01-11 22:24:50,757:    |timec@ 18: 39.6740s
2019-01-11 22:25:30,787:    |
epoch: 19
2019-01-11 22:25:30,788:    |train@ loss: 0.6038, acc: 0.1492
2019-01-11 22:25:30,795:    |valid@ loss: 0.7084, acc: 0.1429
2019-01-11 22:25:30,795:    |valid num: 7
2019-01-11 22:25:30,795:    |timec@ 19: 40.0380s
2019-01-11 22:26:10,028:    |
epoch: 20
2019-01-11 22:26:10,029:    |train@ loss: 0.6012, acc: 0.1548
2019-01-11 22:26:10,035:    |valid@ loss: 0.7069, acc: 0.1429
2019-01-11 22:26:10,036:    |valid num: 7
2019-01-11 22:26:10,036:    |timec@ 20: 39.2411s
2019-01-11 22:26:49,096:    |
epoch: 21
2019-01-11 22:26:49,096:    |train@ loss: 0.5975, acc: 0.1583
2019-01-11 22:26:49,102:    |valid@ loss: 0.7114, acc: 0.1429
2019-01-11 22:26:49,102:    |valid num: 7
2019-01-11 22:26:49,102:    |timec@ 21: 39.0656s
2019-01-11 22:27:28,695:    |
epoch: 22
2019-01-11 22:27:28,695:    |train@ loss: 0.5895, acc: 0.1856
2019-01-11 22:27:28,701:    |valid@ loss: 0.7097, acc: 0.1429
2019-01-11 22:27:28,701:    |valid num: 7
2019-01-11 22:27:28,701:    |timec@ 22: 39.5992s
2019-01-11 22:28:07,834:    |
epoch: 23
2019-01-11 22:28:07,834:    |train@ loss: 0.5840, acc: 0.1884
2019-01-11 22:28:07,840:    |valid@ loss: 0.7112, acc: 0.1429
2019-01-11 22:28:07,840:    |valid num: 7
2019-01-11 22:28:07,840:    |timec@ 23: 39.1394s
2019-01-11 22:28:46,892:    |
epoch: 24
2019-01-11 22:28:46,892:    |train@ loss: 0.5784, acc: 0.2022
2019-01-11 22:28:46,898:    |valid@ loss: 0.7099, acc: 0.1429
2019-01-11 22:28:46,898:    |valid num: 7
2019-01-11 22:28:46,898:    |timec@ 24: 39.0576s
2019-01-11 22:29:26,136:    |
epoch: 25
2019-01-11 22:29:26,136:    |train@ loss: 0.5661, acc: 0.2371
2019-01-11 22:29:26,142:    |valid@ loss: 0.7086, acc: 0.1429
2019-01-11 22:29:26,142:    |valid num: 7
2019-01-11 22:29:26,142:    |timec@ 25: 39.2441s
2019-01-11 22:30:05,390:    |
epoch: 26
2019-01-11 22:30:05,390:    |train@ loss: 0.5561, acc: 0.2521
2019-01-11 22:30:05,396:    |valid@ loss: 0.7033, acc: 0.1429
2019-01-11 22:30:05,396:    |valid num: 7
2019-01-11 22:30:05,396:    |timec@ 26: 39.2541s
2019-01-11 22:30:45,136:    |
epoch: 27
2019-01-11 22:30:45,136:    |train@ loss: 0.5445, acc: 0.2787
2019-01-11 22:30:45,142:    |valid@ loss: 0.7051, acc: 0.1429
2019-01-11 22:30:45,142:    |valid num: 7
2019-01-11 22:30:45,142:    |timec@ 27: 39.7454s
2019-01-11 22:31:24,780:    |
epoch: 28
2019-01-11 22:31:24,780:    |train@ loss: 0.5345, acc: 0.3040
2019-01-11 22:31:24,787:    |valid@ loss: 0.7002, acc: 0.1429
2019-01-11 22:31:24,787:    |valid num: 7
2019-01-11 22:31:24,787:    |timec@ 28: 39.6452s
2019-01-11 22:32:04,132:    |
epoch: 29
2019-01-11 22:32:04,132:    |train@ loss: 0.5227, acc: 0.3295
2019-01-11 22:32:04,138:    |valid@ loss: 0.6991, acc: 0.1429
2019-01-11 22:32:04,138:    |valid num: 7
2019-01-11 22:32:04,139:    |timec@ 29: 39.3508s
