2019-01-11 00:30:51,803:    |cuda
2019-01-11 00:30:54,015:    |lr1e-05_wd1.0_bs4_vs0.1
2019-01-11 00:31:26,874:    |
epoch: 0
2019-01-11 00:31:26,874:    |train@ loss: 0.5663, acc: 0.3419
2019-01-11 00:31:27,402:    |valid@ loss: 0.4479, acc: 0.6603
2019-01-11 00:31:27,402:    |valid num: 780
2019-01-11 00:31:27,402:    |timec@ 0: 33.1299s
2019-01-11 00:31:59,366:    |
epoch: 1
2019-01-11 00:31:59,366:    |train@ loss: 0.2737, acc: 0.8209
2019-01-11 00:31:59,894:    |valid@ loss: 0.1234, acc: 0.9064
2019-01-11 00:31:59,894:    |valid num: 780
2019-01-11 00:31:59,894:    |timec@ 1: 32.4920s
2019-01-11 00:32:31,696:    |
epoch: 2
2019-01-11 00:32:31,696:    |train@ loss: 0.0898, acc: 0.9383
2019-01-11 00:32:32,219:    |valid@ loss: 0.0683, acc: 0.9449
2019-01-11 00:32:32,219:    |valid num: 780
2019-01-11 00:32:32,219:    |timec@ 2: 32.3243s
2019-01-11 00:32:32,219:    |params/smlrbgwdVGG11lr1e-05_wd1.0_bs4_vs0.1-2-0.090-0.068.pkl
2019-01-11 00:33:04,203:    |
epoch: 3
2019-01-11 00:33:04,203:    |train@ loss: 0.0512, acc: 0.9648
2019-01-11 00:33:04,722:    |valid@ loss: 0.0525, acc: 0.9513
2019-01-11 00:33:04,723:    |valid num: 780
2019-01-11 00:33:04,723:    |timec@ 3: 32.4724s
2019-01-11 00:33:04,723:    |params/smlrbgwdVGG11lr1e-05_wd1.0_bs4_vs0.1-3-0.051-0.052.pkl
2019-01-11 00:33:36,559:    |
epoch: 4
2019-01-11 00:33:36,559:    |train@ loss: 0.0362, acc: 0.9796
2019-01-11 00:33:37,078:    |valid@ loss: 0.0559, acc: 0.9449
2019-01-11 00:33:37,079:    |valid num: 780
2019-01-11 00:33:37,079:    |timec@ 4: 32.3246s
2019-01-11 00:34:08,842:    |
epoch: 5
2019-01-11 00:34:08,843:    |train@ loss: 0.0302, acc: 0.9830
2019-01-11 00:34:09,365:    |valid@ loss: 0.0483, acc: 0.9564
2019-01-11 00:34:09,365:    |valid num: 780
2019-01-11 00:34:09,365:    |timec@ 5: 32.2860s
2019-01-11 00:34:09,366:    |params/smlrbgwdVGG11lr1e-05_wd1.0_bs4_vs0.1-5-0.030-0.048.pkl
2019-01-11 00:34:41,159:    |
epoch: 6
2019-01-11 00:34:41,159:    |train@ loss: 0.0263, acc: 0.9903
2019-01-11 00:34:41,678:    |valid@ loss: 0.0468, acc: 0.9628
2019-01-11 00:34:41,679:    |valid num: 780
2019-01-11 00:34:41,679:    |timec@ 6: 32.2830s
2019-01-11 00:34:41,679:    |params/smlrbgwdVGG11lr1e-05_wd1.0_bs4_vs0.1-6-0.026-0.047.pkl
