2019-01-11 21:51:43,665:    |cuda
2019-01-11 21:51:44,877:    |lr1e-05_wd1.0_bs4_vs0.2
2019-01-11 21:52:18,894:    |
epoch: 0
2019-01-11 21:52:18,895:    |train@ loss: 0.6353, acc: 0.0929
2019-01-11 21:52:20,056:    |valid@ loss: 0.6366, acc: 0.0782
2019-01-11 21:52:20,056:    |valid num: 1560
2019-01-11 21:52:20,056:    |timec@ 0: 34.9131s
2019-01-11 21:52:52,902:    |
epoch: 1
2019-01-11 21:52:52,902:    |train@ loss: 0.6208, acc: 0.1231
2019-01-11 21:52:54,053:    |valid@ loss: 0.6332, acc: 0.0782
2019-01-11 21:52:54,053:    |valid num: 1560
2019-01-11 21:52:54,053:    |timec@ 1: 33.9972s
2019-01-11 21:53:27,307:    |
epoch: 2
2019-01-11 21:53:27,307:    |train@ loss: 0.5999, acc: 0.1527
2019-01-11 21:53:28,484:    |valid@ loss: 0.6267, acc: 0.0814
2019-01-11 21:53:28,485:    |valid num: 1560
2019-01-11 21:53:28,485:    |timec@ 2: 34.4317s
2019-01-11 21:54:01,571:    |
epoch: 3
2019-01-11 21:54:01,571:    |train@ loss: 0.5327, acc: 0.2910
2019-01-11 21:54:02,723:    |valid@ loss: 0.5997, acc: 0.1455
2019-01-11 21:54:02,723:    |valid num: 1560
2019-01-11 21:54:02,723:    |timec@ 3: 34.2385s
2019-01-11 21:54:35,671:    |
epoch: 4
2019-01-11 21:54:35,671:    |train@ loss: 0.4217, acc: 0.5138
2019-01-11 21:54:36,828:    |valid@ loss: 0.4095, acc: 0.4782
2019-01-11 21:54:36,828:    |valid num: 1560
2019-01-11 21:54:36,828:    |timec@ 4: 34.1050s
2019-01-11 21:55:09,932:    |
epoch: 5
2019-01-11 21:55:09,932:    |train@ loss: 0.2997, acc: 0.7120
2019-01-11 21:55:11,098:    |valid@ loss: 0.2277, acc: 0.8199
2019-01-11 21:55:11,098:    |valid num: 1560
2019-01-11 21:55:11,098:    |timec@ 5: 34.2694s
2019-01-11 21:55:44,056:    |
epoch: 6
2019-01-11 21:55:44,056:    |train@ loss: 0.1963, acc: 0.8372
2019-01-11 21:55:45,233:    |valid@ loss: 0.1192, acc: 0.8936
2019-01-11 21:55:45,234:    |valid num: 1560
2019-01-11 21:55:45,234:    |timec@ 6: 34.1361s
2019-01-11 21:56:18,223:    |
epoch: 7
2019-01-11 21:56:18,223:    |train@ loss: 0.1463, acc: 0.8816
2019-01-11 21:56:19,384:    |valid@ loss: 0.0895, acc: 0.9250
2019-01-11 21:56:19,384:    |valid num: 1560
2019-01-11 21:56:19,384:    |timec@ 7: 34.1497s
2019-01-11 21:56:19,384:    |params/dropout_smlrbgwdVGG11lr1e-05_wd1.0_bs4_vs0.2-7-0.146-0.089.pkl
2019-01-11 21:56:52,483:    |
epoch: 8
2019-01-11 21:56:52,483:    |train@ loss: 0.1233, acc: 0.9037
2019-01-11 21:56:53,653:    |valid@ loss: 0.0736, acc: 0.9391
2019-01-11 21:56:53,653:    |valid num: 1560
2019-01-11 21:56:53,653:    |timec@ 8: 34.2346s
2019-01-11 21:56:53,653:    |params/dropout_smlrbgwdVGG11lr1e-05_wd1.0_bs4_vs0.2-8-0.123-0.074.pkl
2019-01-11 21:57:26,747:    |
epoch: 9
2019-01-11 21:57:26,747:    |train@ loss: 0.1044, acc: 0.9260
2019-01-11 21:57:27,903:    |valid@ loss: 0.0638, acc: 0.9545
2019-01-11 21:57:27,903:    |valid num: 1560
2019-01-11 21:57:27,903:    |timec@ 9: 34.2211s
2019-01-11 21:57:27,903:    |params/dropout_smlrbgwdVGG11lr1e-05_wd1.0_bs4_vs0.2-9-0.104-0.064.pkl
2019-01-11 21:58:00,888:    |
epoch: 10
2019-01-11 21:58:00,888:    |train@ loss: 0.0974, acc: 0.9337
2019-01-11 21:58:02,042:    |valid@ loss: 0.0543, acc: 0.9564
2019-01-11 21:58:02,042:    |valid num: 1560
2019-01-11 21:58:02,042:    |timec@ 10: 34.1097s
2019-01-11 21:58:02,042:    |params/dropout_smlrbgwdVGG11lr1e-05_wd1.0_bs4_vs0.2-10-0.097-0.054.pkl
2019-01-11 21:58:35,165:    |
epoch: 11
2019-01-11 21:58:35,165:    |train@ loss: 0.0875, acc: 0.9421
2019-01-11 21:58:36,319:    |valid@ loss: 0.0532, acc: 0.9558
2019-01-11 21:58:36,319:    |valid num: 1560
2019-01-11 21:58:36,319:    |timec@ 11: 34.2469s
2019-01-11 21:58:36,319:    |params/dropout_smlrbgwdVGG11lr1e-05_wd1.0_bs4_vs0.2-11-0.087-0.053.pkl
2019-01-11 21:59:09,343:    |
epoch: 12
2019-01-11 21:59:09,343:    |train@ loss: 0.0834, acc: 0.9476
2019-01-11 21:59:10,510:    |valid@ loss: 0.0517, acc: 0.9571
2019-01-11 21:59:10,510:    |valid num: 1560
2019-01-11 21:59:10,510:    |timec@ 12: 34.1607s
2019-01-11 21:59:10,510:    |params/dropout_smlrbgwdVGG11lr1e-05_wd1.0_bs4_vs0.2-12-0.083-0.052.pkl
2019-01-11 21:59:43,674:    |
epoch: 13
2019-01-11 21:59:43,674:    |train@ loss: 0.0779, acc: 0.9561
2019-01-11 21:59:44,829:    |valid@ loss: 0.0467, acc: 0.9615
2019-01-11 21:59:44,829:    |valid num: 1560
2019-01-11 21:59:44,829:    |timec@ 13: 34.2877s
2019-01-11 21:59:44,829:    |params/dropout_smlrbgwdVGG11lr1e-05_wd1.0_bs4_vs0.2-13-0.078-0.047.pkl
2019-01-11 22:00:17,853:    |
epoch: 14
2019-01-11 22:00:17,853:    |train@ loss: 0.0740, acc: 0.9619
2019-01-11 22:00:19,021:    |valid@ loss: 0.0470, acc: 0.9635
2019-01-11 22:00:19,021:    |valid num: 1560
2019-01-11 22:00:19,021:    |timec@ 14: 34.1634s
2019-01-11 22:00:52,049:    |
epoch: 15
2019-01-11 22:00:52,049:    |train@ loss: 0.0735, acc: 0.9620
2019-01-11 22:00:53,214:    |valid@ loss: 0.0456, acc: 0.9635
2019-01-11 22:00:53,214:    |valid num: 1560
2019-01-11 22:00:53,214:    |timec@ 15: 34.1928s
2019-01-11 22:00:53,214:    |params/dropout_smlrbgwdVGG11lr1e-05_wd1.0_bs4_vs0.2-15-0.074-0.046.pkl
2019-01-11 22:01:26,376:    |
epoch: 16
2019-01-11 22:01:26,377:    |train@ loss: 0.0712, acc: 0.9675
2019-01-11 22:01:27,540:    |valid@ loss: 0.0464, acc: 0.9654
2019-01-11 22:01:27,540:    |valid num: 1560
2019-01-11 22:01:27,540:    |timec@ 16: 34.2964s
2019-01-11 22:02:00,514:    |
epoch: 17
2019-01-11 22:02:00,514:    |train@ loss: 0.0711, acc: 0.9684
2019-01-11 22:02:01,662:    |valid@ loss: 0.0437, acc: 0.9679
2019-01-11 22:02:01,662:    |valid num: 1560
2019-01-11 22:02:01,663:    |timec@ 17: 34.1228s
2019-01-11 22:02:01,663:    |params/dropout_smlrbgwdVGG11lr1e-05_wd1.0_bs4_vs0.2-17-0.071-0.044.pkl
2019-01-11 22:02:34,702:    |
epoch: 18
2019-01-11 22:02:34,703:    |train@ loss: 0.0706, acc: 0.9688
2019-01-11 22:02:35,871:    |valid@ loss: 0.0465, acc: 0.9660
2019-01-11 22:02:35,871:    |valid num: 1560
2019-01-11 22:02:35,871:    |timec@ 18: 34.1803s
2019-01-11 22:03:08,991:    |
epoch: 19
2019-01-11 22:03:08,991:    |train@ loss: 0.0695, acc: 0.9712
2019-01-11 22:03:10,137:    |valid@ loss: 0.0419, acc: 0.9679
2019-01-11 22:03:10,137:    |valid num: 1560
2019-01-11 22:03:10,137:    |timec@ 19: 34.2660s
2019-01-11 22:03:10,137:    |params/dropout_smlrbgwdVGG11lr1e-05_wd1.0_bs4_vs0.2-19-0.070-0.042.pkl
2019-01-11 22:03:43,163:    |
epoch: 20
2019-01-11 22:03:43,164:    |train@ loss: 0.0700, acc: 0.9736
2019-01-11 22:03:44,315:    |valid@ loss: 0.0426, acc: 0.9699
2019-01-11 22:03:44,315:    |valid num: 1560
2019-01-11 22:03:44,315:    |timec@ 20: 34.1469s
2019-01-11 22:04:17,396:    |
epoch: 21
2019-01-11 22:04:17,396:    |train@ loss: 0.0696, acc: 0.9724
2019-01-11 22:04:18,548:    |valid@ loss: 0.0420, acc: 0.9686
2019-01-11 22:04:18,548:    |valid num: 1560
2019-01-11 22:04:18,548:    |timec@ 21: 34.2330s
2019-01-11 22:04:51,582:    |
epoch: 22
2019-01-11 22:04:51,582:    |train@ loss: 0.0700, acc: 0.9739
2019-01-11 22:04:52,791:    |valid@ loss: 0.0401, acc: 0.9705
2019-01-11 22:04:52,791:    |valid num: 1560
2019-01-11 22:04:52,791:    |timec@ 22: 34.2434s
2019-01-11 22:04:52,791:    |params/dropout_smlrbgwdVGG11lr1e-05_wd1.0_bs4_vs0.2-22-0.070-0.040.pkl
2019-01-11 22:05:25,843:    |
epoch: 23
2019-01-11 22:05:25,843:    |train@ loss: 0.0684, acc: 0.9787
2019-01-11 22:05:26,997:    |valid@ loss: 0.0425, acc: 0.9679
2019-01-11 22:05:26,997:    |valid num: 1560
2019-01-11 22:05:26,997:    |timec@ 23: 34.1747s
2019-01-11 22:06:00,333:    |
epoch: 24
2019-01-11 22:06:00,334:    |train@ loss: 0.0691, acc: 0.9779
2019-01-11 22:06:01,493:    |valid@ loss: 0.0425, acc: 0.9705
2019-01-11 22:06:01,493:    |valid num: 1560
2019-01-11 22:06:01,493:    |timec@ 24: 34.4960s
2019-01-11 22:06:34,425:    |
epoch: 25
2019-01-11 22:06:34,425:    |train@ loss: 0.0692, acc: 0.9796
2019-01-11 22:06:35,592:    |valid@ loss: 0.0397, acc: 0.9724
2019-01-11 22:06:35,593:    |valid num: 1560
2019-01-11 22:06:35,593:    |timec@ 25: 34.1003s
2019-01-11 22:06:35,593:    |params/dropout_smlrbgwdVGG11lr1e-05_wd1.0_bs4_vs0.2-25-0.069-0.040.pkl
2019-01-11 22:07:08,989:    |
epoch: 26
2019-01-11 22:07:08,989:    |train@ loss: 0.0699, acc: 0.9795
2019-01-11 22:07:10,144:    |valid@ loss: 0.0431, acc: 0.9744
2019-01-11 22:07:10,144:    |valid num: 1560
2019-01-11 22:07:10,144:    |timec@ 26: 34.5224s
2019-01-11 22:07:43,050:    |
epoch: 27
2019-01-11 22:07:43,050:    |train@ loss: 0.0697, acc: 0.9793
2019-01-11 22:07:44,197:    |valid@ loss: 0.0412, acc: 0.9718
2019-01-11 22:07:44,197:    |valid num: 1560
2019-01-11 22:07:44,197:    |timec@ 27: 34.0524s
2019-01-11 22:08:16,964:    |
epoch: 28
2019-01-11 22:08:16,964:    |train@ loss: 0.0721, acc: 0.9788
2019-01-11 22:08:18,113:    |valid@ loss: 0.0408, acc: 0.9724
2019-01-11 22:08:18,113:    |valid num: 1560
2019-01-11 22:08:18,113:    |timec@ 28: 33.9159s
2019-01-11 22:08:50,901:    |
epoch: 29
2019-01-11 22:08:50,901:    |train@ loss: 0.0719, acc: 0.9798
2019-01-11 22:08:52,043:    |valid@ loss: 0.0399, acc: 0.9705
2019-01-11 22:08:52,043:    |valid num: 1560
2019-01-11 22:08:52,043:    |timec@ 29: 33.9307s
