2019-01-11 21:49:28,206:    |cuda
2019-01-11 21:49:50,848:    |cuda
2019-01-11 21:49:52,103:    |lr1e-05_wd1.0_bs4_vs0.7
2019-01-11 21:50:06,630:    |
epoch: 0
2019-01-11 21:50:06,630:    |train@ loss: 0.6416, acc: 0.0876
2019-01-11 21:50:10,729:    |valid@ loss: 0.6250, acc: 0.0782
2019-01-11 21:50:10,729:    |valid num: 5460
2019-01-11 21:50:10,729:    |timec@ 0: 18.3430s
2019-01-11 21:50:23,084:    |
epoch: 1
2019-01-11 21:50:23,084:    |train@ loss: 0.6348, acc: 0.0974
2019-01-11 21:50:27,125:    |valid@ loss: 0.6293, acc: 0.0788
2019-01-11 21:50:27,126:    |valid num: 5460
2019-01-11 21:50:27,126:    |timec@ 1: 16.3974s
2019-01-11 21:50:39,363:    |
epoch: 2
2019-01-11 21:50:39,363:    |train@ loss: 0.6304, acc: 0.1056
2019-01-11 21:50:43,415:    |valid@ loss: 0.6357, acc: 0.0846
2019-01-11 21:50:43,415:    |valid num: 5460
2019-01-11 21:50:43,416:    |timec@ 2: 16.2898s
2019-01-11 21:50:55,747:    |
epoch: 3
2019-01-11 21:50:55,747:    |train@ loss: 0.6251, acc: 0.0996
2019-01-11 21:50:59,817:    |valid@ loss: 0.6381, acc: 0.0846
2019-01-11 21:50:59,817:    |valid num: 5460
2019-01-11 21:50:59,817:    |timec@ 3: 16.4011s
2019-01-11 21:51:12,167:    |
epoch: 4
2019-01-11 21:51:12,167:    |train@ loss: 0.6207, acc: 0.1179
2019-01-11 21:51:16,239:    |valid@ loss: 0.6377, acc: 0.0846
2019-01-11 21:51:16,239:    |valid num: 5460
2019-01-11 21:51:16,239:    |timec@ 4: 16.4220s
2019-01-11 21:51:28,540:    |
epoch: 5
2019-01-11 21:51:28,540:    |train@ loss: 0.6123, acc: 0.1299
2019-01-11 21:51:32,727:    |valid@ loss: 0.6376, acc: 0.0850
2019-01-11 21:51:32,727:    |valid num: 5460
2019-01-11 21:51:32,727:    |timec@ 5: 16.4878s
