2019-01-17 20:23:02,813:    |cuda
2019-01-17 20:23:04,123:    |dropout_smlrbgwdVGG11lr5e-06_wd1.0_bs4_vs0.1
2019-01-17 20:23:43,466:    |
epoch: 0
2019-01-17 20:23:43,466:    |train@ loss: 0.6434, acc: 0.0859
2019-01-17 20:23:44,132:    |valid@ loss: 0.6249, acc: 0.1013
2019-01-17 20:23:44,132:    |valid num: 780
2019-01-17 20:23:44,132:    |timec@ 0: 39.5567s
2019-01-17 20:24:21,970:    |
epoch: 1
2019-01-17 20:24:21,970:    |train@ loss: 0.6300, acc: 0.0983
2019-01-17 20:24:22,654:    |valid@ loss: 0.6326, acc: 0.1013
2019-01-17 20:24:22,654:    |valid num: 780
2019-01-17 20:24:22,654:    |timec@ 1: 38.5223s
2019-01-17 20:25:00,357:    |
epoch: 2
2019-01-17 20:25:00,357:    |train@ loss: 0.6244, acc: 0.1048
2019-01-17 20:25:01,065:    |valid@ loss: 0.6364, acc: 0.1013
2019-01-17 20:25:01,065:    |valid num: 780
2019-01-17 20:25:01,065:    |timec@ 2: 38.4106s
2019-01-17 20:25:38,964:    |
epoch: 3
2019-01-17 20:25:38,964:    |train@ loss: 0.6136, acc: 0.1199
2019-01-17 20:25:39,643:    |valid@ loss: 0.6367, acc: 0.1013
2019-01-17 20:25:39,643:    |valid num: 780
2019-01-17 20:25:39,643:    |timec@ 3: 38.5788s
2019-01-17 20:26:17,398:    |
epoch: 4
2019-01-17 20:26:17,398:    |train@ loss: 0.5968, acc: 0.1543
2019-01-17 20:26:18,081:    |valid@ loss: 0.6271, acc: 0.1077
2019-01-17 20:26:18,081:    |valid num: 780
2019-01-17 20:26:18,081:    |timec@ 4: 38.4377s
2019-01-17 20:26:55,791:    |
epoch: 5
2019-01-17 20:26:55,791:    |train@ loss: 0.5652, acc: 0.2349
2019-01-17 20:26:56,457:    |valid@ loss: 0.6158, acc: 0.1333
2019-01-17 20:26:56,457:    |valid num: 780
2019-01-17 20:26:56,457:    |timec@ 5: 38.3761s
2019-01-17 20:27:34,325:    |
epoch: 6
2019-01-17 20:27:34,325:    |train@ loss: 0.5164, acc: 0.3350
2019-01-17 20:27:34,987:    |valid@ loss: 0.6019, acc: 0.1641
2019-01-17 20:27:34,987:    |valid num: 780
2019-01-17 20:27:34,987:    |timec@ 6: 38.5295s
2019-01-17 20:28:12,767:    |
epoch: 7
2019-01-17 20:28:12,767:    |train@ loss: 0.4562, acc: 0.4590
2019-01-17 20:28:13,441:    |valid@ loss: 0.5550, acc: 0.2667
2019-01-17 20:28:13,441:    |valid num: 780
2019-01-17 20:28:13,441:    |timec@ 7: 38.4544s
2019-01-17 20:28:51,151:    |
epoch: 8
2019-01-17 20:28:51,151:    |train@ loss: 0.3893, acc: 0.5852
2019-01-17 20:28:51,826:    |valid@ loss: 0.4553, acc: 0.4321
2019-01-17 20:28:51,827:    |valid num: 780
2019-01-17 20:28:51,827:    |timec@ 8: 38.3851s
2019-01-17 20:29:29,747:    |
epoch: 9
2019-01-17 20:29:29,747:    |train@ loss: 0.3139, acc: 0.7010
2019-01-17 20:29:30,417:    |valid@ loss: 0.3468, acc: 0.6564
2019-01-17 20:29:30,417:    |valid num: 780
2019-01-17 20:29:30,417:    |timec@ 9: 38.5898s
2019-01-17 20:30:08,366:    |
epoch: 10
2019-01-17 20:30:08,366:    |train@ loss: 0.2435, acc: 0.7893
2019-01-17 20:30:09,043:    |valid@ loss: 0.2141, acc: 0.8167
2019-01-17 20:30:09,043:    |valid num: 780
2019-01-17 20:30:09,043:    |timec@ 10: 38.6265s
2019-01-17 20:30:46,919:    |
epoch: 11
2019-01-17 20:30:46,919:    |train@ loss: 0.1908, acc: 0.8423
2019-01-17 20:30:47,582:    |valid@ loss: 0.1519, acc: 0.8718
2019-01-17 20:30:47,582:    |valid num: 780
2019-01-17 20:30:47,582:    |timec@ 11: 38.5388s
2019-01-17 20:31:25,531:    |
epoch: 12
2019-01-17 20:31:25,531:    |train@ loss: 0.1557, acc: 0.8803
2019-01-17 20:31:26,195:    |valid@ loss: 0.1157, acc: 0.9038
2019-01-17 20:31:26,196:    |valid num: 780
2019-01-17 20:31:26,196:    |timec@ 12: 38.6142s
2019-01-17 20:32:04,093:    |
epoch: 13
2019-01-17 20:32:04,093:    |train@ loss: 0.1332, acc: 0.9003
2019-01-17 20:32:04,760:    |valid@ loss: 0.0965, acc: 0.9179
2019-01-17 20:32:04,760:    |valid num: 780
2019-01-17 20:32:04,760:    |timec@ 13: 38.5638s
2019-01-17 20:32:42,655:    |
epoch: 14
2019-01-17 20:32:42,655:    |train@ loss: 0.1167, acc: 0.9128
2019-01-17 20:32:43,322:    |valid@ loss: 0.0874, acc: 0.9179
2019-01-17 20:32:43,322:    |valid num: 780
2019-01-17 20:32:43,322:    |timec@ 14: 38.5620s
2019-01-17 20:32:43,322:    |params2/dropout_smlrbgwdVGG11lr5e-06_wd1.0_bs4_vs0.1-14-0.117-0.087.pkl
2019-01-17 20:33:21,193:    |
epoch: 15
2019-01-17 20:33:21,193:    |train@ loss: 0.1035, acc: 0.9236
2019-01-17 20:33:21,882:    |valid@ loss: 0.0740, acc: 0.9295
2019-01-17 20:33:21,882:    |valid num: 780
2019-01-17 20:33:21,882:    |timec@ 15: 38.5301s
2019-01-17 20:33:21,882:    |params2/dropout_smlrbgwdVGG11lr5e-06_wd1.0_bs4_vs0.1-15-0.104-0.074.pkl
2019-01-17 20:33:59,787:    |
epoch: 16
2019-01-17 20:33:59,787:    |train@ loss: 0.0937, acc: 0.9352
2019-01-17 20:34:00,459:    |valid@ loss: 0.0701, acc: 0.9359
2019-01-17 20:34:00,459:    |valid num: 780
2019-01-17 20:34:00,459:    |timec@ 16: 38.5472s
2019-01-17 20:34:00,459:    |params2/dropout_smlrbgwdVGG11lr5e-06_wd1.0_bs4_vs0.1-16-0.094-0.070.pkl
2019-01-17 20:34:38,127:    |
epoch: 17
2019-01-17 20:34:38,128:    |train@ loss: 0.0863, acc: 0.9419
2019-01-17 20:34:38,797:    |valid@ loss: 0.0654, acc: 0.9372
2019-01-17 20:34:38,797:    |valid num: 780
2019-01-17 20:34:38,797:    |timec@ 17: 38.3051s
2019-01-17 20:34:38,797:    |params2/dropout_smlrbgwdVGG11lr5e-06_wd1.0_bs4_vs0.1-17-0.086-0.065.pkl
2019-01-17 20:35:16,716:    |
epoch: 18
2019-01-17 20:35:16,716:    |train@ loss: 0.0819, acc: 0.9459
2019-01-17 20:35:17,394:    |valid@ loss: 0.0574, acc: 0.9397
2019-01-17 20:35:17,394:    |valid num: 780
2019-01-17 20:35:17,394:    |timec@ 18: 38.5658s
2019-01-17 20:35:17,395:    |params2/dropout_smlrbgwdVGG11lr5e-06_wd1.0_bs4_vs0.1-18-0.082-0.057.pkl
2019-01-17 20:35:55,164:    |
epoch: 19
2019-01-17 20:35:55,164:    |train@ loss: 0.0766, acc: 0.9520
2019-01-17 20:35:55,858:    |valid@ loss: 0.0548, acc: 0.9500
2019-01-17 20:35:55,858:    |valid num: 780
2019-01-17 20:35:55,858:    |timec@ 19: 38.4305s
2019-01-17 20:35:55,858:    |params2/dropout_smlrbgwdVGG11lr5e-06_wd1.0_bs4_vs0.1-19-0.077-0.055.pkl
2019-01-17 20:36:33,711:    |
epoch: 20
2019-01-17 20:36:33,711:    |train@ loss: 0.0717, acc: 0.9583
2019-01-17 20:36:34,383:    |valid@ loss: 0.0522, acc: 0.9526
2019-01-17 20:36:34,383:    |valid num: 780
2019-01-17 20:36:34,383:    |timec@ 20: 38.4947s
2019-01-17 20:36:34,383:    |params2/dropout_smlrbgwdVGG11lr5e-06_wd1.0_bs4_vs0.1-20-0.072-0.052.pkl
2019-01-17 20:37:12,362:    |
epoch: 21
2019-01-17 20:37:12,362:    |train@ loss: 0.0690, acc: 0.9601
2019-01-17 20:37:13,050:    |valid@ loss: 0.0542, acc: 0.9538
2019-01-17 20:37:13,050:    |valid num: 780
2019-01-17 20:37:13,050:    |timec@ 21: 38.6367s
2019-01-17 20:37:51,056:    |
epoch: 22
2019-01-17 20:37:51,056:    |train@ loss: 0.0672, acc: 0.9651
2019-01-17 20:37:51,710:    |valid@ loss: 0.0485, acc: 0.9564
2019-01-17 20:37:51,710:    |valid num: 780
2019-01-17 20:37:51,710:    |timec@ 22: 38.6598s
2019-01-17 20:37:51,710:    |params2/dropout_smlrbgwdVGG11lr5e-06_wd1.0_bs4_vs0.1-22-0.067-0.049.pkl
